{"/home/travis/build/npmtest/node-npmtest-buffer/test.js":{"path":"/home/travis/build/npmtest/node-npmtest-buffer/test.js","s":{"1":2,"2":2,"3":2,"4":2,"5":2,"6":2,"7":2,"8":1,"9":2,"10":2,"11":1,"12":1,"13":1,"14":1,"15":2,"16":2,"17":2,"18":2,"19":1,"20":1,"21":2,"22":2,"23":2,"24":1,"25":1,"26":1,"27":1,"28":1,"29":1,"30":1,"31":1,"32":1,"33":1,"34":1,"35":1,"36":1,"37":1,"38":1,"39":2,"40":2,"41":1,"42":2,"43":2,"44":1,"45":2,"46":2,"47":1,"48":2,"49":2,"50":1,"51":1,"52":1,"53":1,"54":1},"b":{"1":[2,1,1,1],"2":[1,1,1,1],"3":[1,1],"4":[1,1],"5":[1,1],"6":[1,1],"7":[1,1],"8":[1,1],"9":[1,1],"10":[1,1,1],"11":[1,1],"12":[1,1],"13":[1,1],"14":[1,1],"15":[1,1],"16":[1,1],"17":[1,1]},"f":{"1":2,"2":2,"3":2,"4":2,"5":2,"6":1,"7":1,"8":1,"9":2,"10":2,"11":2,"12":2,"13":1},"fnMap":{"1":{"name":"(anonymous_1)","line":12,"loc":{"start":{"line":12,"column":1},"end":{"line":12,"column":13}}},"2":{"name":"(anonymous_2)","line":19,"loc":{"start":{"line":19,"column":5},"end":{"line":19,"column":17}}},"3":{"name":"(anonymous_3)","line":23,"loc":{"start":{"line":23,"column":24},"end":{"line":23,"column":36}}},"4":{"name":"(anonymous_4)","line":61,"loc":{"start":{"line":61,"column":5},"end":{"line":61,"column":17}}},"5":{"name":"(anonymous_5)","line":82,"loc":{"start":{"line":82,"column":5},"end":{"line":82,"column":17}}},"6":{"name":"(anonymous_6)","line":91,"loc":{"start":{"line":91,"column":77},"end":{"line":94,"column":10}}},"7":{"name":"(anonymous_7)","line":112,"loc":{"start":{"line":112,"column":83},"end":{"line":115,"column":10}},"skip":true},"8":{"name":"(anonymous_8)","line":123,"loc":{"start":{"line":123,"column":77},"end":{"line":126,"column":10}},"skip":true},"9":{"name":"(anonymous_9)","line":139,"loc":{"start":{"line":139,"column":12},"end":{"line":139,"column":40}},"skip":true},"10":{"name":"(anonymous_10)","line":147,"loc":{"start":{"line":147,"column":77},"end":{"line":150,"column":10}},"skip":true},"11":{"name":"(anonymous_11)","line":158,"loc":{"start":{"line":158,"column":83},"end":{"line":161,"column":10}},"skip":true},"12":{"name":"(anonymous_12)","line":169,"loc":{"start":{"line":169,"column":79},"end":{"line":172,"column":10}},"skip":true},"13":{"name":"(anonymous_13)","line":180,"loc":{"start":{"line":180,"column":75},"end":{"line":183,"column":10}},"skip":true}},"statementMap":{"1":{"start":{"line":12,"column":0},"end":{"line":195,"column":5}},"2":{"start":{"line":14,"column":4},"end":{"line":14,"column":14}},"3":{"start":{"line":19,"column":4},"end":{"line":56,"column":9}},"4":{"start":{"line":21,"column":8},"end":{"line":21,"column":19}},"5":{"start":{"line":23,"column":8},"end":{"line":35,"column":13}},"6":{"start":{"line":24,"column":12},"end":{"line":34,"column":13}},"7":{"start":{"line":25,"column":16},"end":{"line":28,"column":30}},"8":{"start":{"line":30,"column":16},"end":{"line":33,"column":27}},"9":{"start":{"line":37,"column":8},"end":{"line":39,"column":21}},"10":{"start":{"line":40,"column":8},"end":{"line":53,"column":9}},"11":{"start":{"line":43,"column":12},"end":{"line":46,"column":14}},"12":{"start":{"line":47,"column":12},"end":{"line":47,"column":18}},"13":{"start":{"line":50,"column":12},"end":{"line":51,"column":33}},"14":{"start":{"line":52,"column":12},"end":{"line":52,"column":18}},"15":{"start":{"line":55,"column":8},"end":{"line":55,"column":35}},"16":{"start":{"line":61,"column":4},"end":{"line":63,"column":9}},"17":{"start":{"line":62,"column":8},"end":{"line":62,"column":15}},"18":{"start":{"line":64,"column":4},"end":{"line":77,"column":5}},"19":{"start":{"line":70,"column":8},"end":{"line":70,"column":14}},"20":{"start":{"line":76,"column":8},"end":{"line":76,"column":14}},"21":{"start":{"line":82,"column":4},"end":{"line":84,"column":9}},"22":{"start":{"line":83,"column":8},"end":{"line":83,"column":15}},"23":{"start":{"line":85,"column":4},"end":{"line":194,"column":5}},"24":{"start":{"line":91,"column":8},"end":{"line":99,"column":10}},"25":{"start":{"line":98,"column":12},"end":{"line":98,"column":35}},"26":{"start":{"line":102,"column":8},"end":{"line":104,"column":63}},"27":{"start":{"line":105,"column":8},"end":{"line":105,"column":14}},"28":{"start":{"line":112,"column":8},"end":{"line":121,"column":10},"skip":true},"29":{"start":{"line":119,"column":12},"end":{"line":119,"column":55},"skip":true},"30":{"start":{"line":120,"column":12},"end":{"line":120,"column":48},"skip":true},"31":{"start":{"line":123,"column":8},"end":{"line":136,"column":10},"skip":true},"32":{"start":{"line":130,"column":12},"end":{"line":130,"column":76},"skip":true},"33":{"start":{"line":131,"column":12},"end":{"line":131,"column":73},"skip":true},"34":{"start":{"line":132,"column":12},"end":{"line":132,"column":74},"skip":true},"35":{"start":{"line":133,"column":12},"end":{"line":133,"column":79},"skip":true},"36":{"start":{"line":134,"column":12},"end":{"line":134,"column":25},"skip":true},"37":{"start":{"line":135,"column":12},"end":{"line":135,"column":45},"skip":true},"38":{"start":{"line":138,"column":8},"end":{"line":145,"column":14},"skip":true},"39":{"start":{"line":143,"column":16},"end":{"line":143,"column":29},"skip":true},"40":{"start":{"line":144,"column":16},"end":{"line":144,"column":55},"skip":true},"41":{"start":{"line":147,"column":8},"end":{"line":156,"column":10},"skip":true},"42":{"start":{"line":154,"column":12},"end":{"line":154,"column":25},"skip":true},"43":{"start":{"line":155,"column":12},"end":{"line":155,"column":45},"skip":true},"44":{"start":{"line":158,"column":8},"end":{"line":167,"column":10},"skip":true},"45":{"start":{"line":165,"column":12},"end":{"line":165,"column":25},"skip":true},"46":{"start":{"line":166,"column":12},"end":{"line":166,"column":48},"skip":true},"47":{"start":{"line":169,"column":8},"end":{"line":178,"column":10},"skip":true},"48":{"start":{"line":176,"column":12},"end":{"line":176,"column":25},"skip":true},"49":{"start":{"line":177,"column":12},"end":{"line":177,"column":46},"skip":true},"50":{"start":{"line":180,"column":8},"end":{"line":189,"column":10},"skip":true},"51":{"start":{"line":187,"column":12},"end":{"line":187,"column":94},"skip":true},"52":{"start":{"line":188,"column":12},"end":{"line":188,"column":48},"skip":true},"53":{"start":{"line":192,"column":8},"end":{"line":192,"column":35},"skip":true},"54":{"start":{"line":193,"column":8},"end":{"line":193,"column":14},"skip":true}},"branchMap":{"1":{"line":25,"type":"binary-expr","locations":[{"start":{"line":25,"column":23},"end":{"line":25,"column":62}},{"start":{"line":26,"column":20},"end":{"line":26,"column":70}},{"start":{"line":27,"column":20},"end":{"line":27,"column":71}},{"start":{"line":28,"column":20},"end":{"line":28,"column":29}}]},"2":{"line":30,"type":"binary-expr","locations":[{"start":{"line":30,"column":23},"end":{"line":30,"column":37}},{"start":{"line":31,"column":20},"end":{"line":31,"column":61}},{"start":{"line":32,"column":20},"end":{"line":32,"column":70}},{"start":{"line":33,"column":20},"end":{"line":33,"column":26}}]},"3":{"line":37,"type":"cond-expr","locations":[{"start":{"line":38,"column":14},"end":{"line":38,"column":20}},{"start":{"line":39,"column":14},"end":{"line":39,"column":20}}]},"4":{"line":40,"type":"switch","locations":[{"start":{"line":42,"column":8},"end":{"line":47,"column":18}},{"start":{"line":49,"column":8},"end":{"line":52,"column":18}}]},"5":{"line":44,"type":"binary-expr","locations":[{"start":{"line":44,"column":16},"end":{"line":44,"column":44}},{"start":{"line":44,"column":48},"end":{"line":44,"column":66}}]},"6":{"line":50,"type":"binary-expr","locations":[{"start":{"line":50,"column":21},"end":{"line":50,"column":49}},{"start":{"line":50,"column":53},"end":{"line":50,"column":72}}]},"7":{"line":64,"type":"switch","locations":[{"start":{"line":69,"column":4},"end":{"line":70,"column":14}},{"start":{"line":75,"column":4},"end":{"line":76,"column":14}}]},"8":{"line":85,"type":"switch","locations":[{"start":{"line":90,"column":4},"end":{"line":105,"column":14}},{"start":{"line":111,"column":4},"end":{"line":193,"column":14},"skip":true}]},"9":{"line":91,"type":"binary-expr","locations":[{"start":{"line":91,"column":42},"end":{"line":91,"column":73}},{"start":{"line":91,"column":77},"end":{"line":99,"column":9}}]},"10":{"line":102,"type":"binary-expr","locations":[{"start":{"line":102,"column":18},"end":{"line":102,"column":32}},{"start":{"line":103,"column":12},"end":{"line":103,"column":53}},{"start":{"line":104,"column":12},"end":{"line":104,"column":61}}]},"11":{"line":112,"type":"binary-expr","locations":[{"start":{"line":112,"column":45},"end":{"line":112,"column":79},"skip":true},{"start":{"line":112,"column":83},"end":{"line":121,"column":9},"skip":true}]},"12":{"line":123,"type":"binary-expr","locations":[{"start":{"line":123,"column":42},"end":{"line":123,"column":73},"skip":true},{"start":{"line":123,"column":77},"end":{"line":136,"column":9},"skip":true}]},"13":{"line":138,"type":"binary-expr","locations":[{"start":{"line":138,"column":48},"end":{"line":138,"column":85},"skip":true},{"start":{"line":139,"column":12},"end":{"line":145,"column":13},"skip":true}]},"14":{"line":147,"type":"binary-expr","locations":[{"start":{"line":147,"column":42},"end":{"line":147,"column":73},"skip":true},{"start":{"line":147,"column":77},"end":{"line":156,"column":9},"skip":true}]},"15":{"line":158,"type":"binary-expr","locations":[{"start":{"line":158,"column":45},"end":{"line":158,"column":79},"skip":true},{"start":{"line":158,"column":83},"end":{"line":167,"column":9},"skip":true}]},"16":{"line":169,"type":"binary-expr","locations":[{"start":{"line":169,"column":43},"end":{"line":169,"column":75},"skip":true},{"start":{"line":169,"column":79},"end":{"line":178,"column":9},"skip":true}]},"17":{"line":180,"type":"binary-expr","locations":[{"start":{"line":180,"column":41},"end":{"line":180,"column":71},"skip":true},{"start":{"line":180,"column":75},"end":{"line":189,"column":9},"skip":true}]}},"code":["/* istanbul instrument in package npmtest_buffer */","/*jslint","    bitwise: true,","    browser: true,","    maxerr: 8,","    maxlen: 96,","    node: true,","    nomen: true,","    regexp: true,","    stupid: true","*/","(function () {","    'use strict';","    var local;","","","","    // run shared js-env code - pre-init","    (function () {","        // init local","        local = {};","        // init modeJs","        local.modeJs = (function () {","            try {","                return typeof navigator.userAgent === 'string' &&","                    typeof document.querySelector('body') === 'object' &&","                    typeof XMLHttpRequest.prototype.open === 'function' &&","                    'browser';","            } catch (errorCaughtBrowser) {","                return module.exports &&","                    typeof process.versions.node === 'string' &&","                    typeof require('http').createServer === 'function' &&","                    'node';","            }","        }());","        // init global","        local.global = local.modeJs === 'browser'","            ? window","            : global;","        switch (local.modeJs) {","        // re-init local from window.local","        case 'browser':","            local = local.global.utility2.objectSetDefault(","                local.global.utility2_rollup || local.global.local,","                local.global.utility2","            );","            break;","        // re-init local from example.js","        case 'node':","            local = (local.global.utility2_rollup || require('utility2'))","                .requireReadme();","            break;","        }","        // export local","        local.global.local = local;","    }());","","","","    // run shared js-env code - function","    (function () {","        return;","    }());","    switch (local.modeJs) {","","","","    // run browser js-env code - function","    case 'browser':","        break;","","","","    // run node js-env code - function","    case 'node':","        break;","    }","","","","    // run shared js-env code - post-init","    (function () {","        return;","    }());","    switch (local.modeJs) {","","","","    // run browser js-env code - post-init","    case 'browser':","        local.testCase_browser_nullCase = local.testCase_browser_nullCase || function (","            options,","            onError","        ) {","        /*","         * this function will test browsers's null-case handling-behavior-behavior","         */","            onError(null, options);","        };","","        // run tests","        local.nop(local.modeTest &&","            document.querySelector('#testRunButton1') &&","            document.querySelector('#testRunButton1').click());","        break;","","","","    // run node js-env code - post-init","    /* istanbul ignore next */","    case 'node':","        local.testCase_buildApidoc_default = local.testCase_buildApidoc_default || function (","            options,","            onError","        ) {","        /*","         * this function will test buildApidoc's default handling-behavior-behavior","         */","            options = { modulePathList: module.paths };","            local.buildApidoc(options, onError);","        };","","        local.testCase_buildApp_default = local.testCase_buildApp_default || function (","            options,","            onError","        ) {","        /*","         * this function will test buildApp's default handling-behavior-behavior","         */","            local.testCase_buildReadme_default(options, local.onErrorThrow);","            local.testCase_buildLib_default(options, local.onErrorThrow);","            local.testCase_buildTest_default(options, local.onErrorThrow);","            local.testCase_buildCustomOrg_default(options, local.onErrorThrow);","            options = [];","            local.buildApp(options, onError);","        };","","        local.testCase_buildCustomOrg_default = local.testCase_buildCustomOrg_default ||","            function (options, onError) {","            /*","             * this function will test buildCustomOrg's default handling-behavior","             */","                options = {};","                local.buildCustomOrg(options, onError);","            };","","        local.testCase_buildLib_default = local.testCase_buildLib_default || function (","            options,","            onError","        ) {","        /*","         * this function will test buildLib's default handling-behavior","         */","            options = {};","            local.buildLib(options, onError);","        };","","        local.testCase_buildReadme_default = local.testCase_buildReadme_default || function (","            options,","            onError","        ) {","        /*","         * this function will test buildReadme's default handling-behavior-behavior","         */","            options = {};","            local.buildReadme(options, onError);","        };","","        local.testCase_buildTest_default = local.testCase_buildTest_default || function (","            options,","            onError","        ) {","        /*","         * this function will test buildTest's default handling-behavior","         */","            options = {};","            local.buildTest(options, onError);","        };","","        local.testCase_webpage_default = local.testCase_webpage_default || function (","            options,","            onError","        ) {","        /*","         * this function will test webpage's default handling-behavior","         */","            options = { modeCoverageMerge: true, url: local.serverLocalHost + '?modeTest=1' };","            local.browserTest(options, onError);","        };","","        // run test-server","        local.testRunServer(local);","        break;","    }","}());",""],"l":{"12":2,"14":2,"19":2,"21":2,"23":2,"24":2,"25":2,"30":1,"37":2,"40":2,"43":1,"47":1,"50":1,"52":1,"55":2,"61":2,"62":2,"64":2,"70":1,"76":1,"82":2,"83":2,"85":2,"91":1,"98":1,"102":1,"105":1,"112":1,"119":1,"120":1,"123":1,"130":1,"131":1,"132":1,"133":1,"134":1,"135":1,"138":1,"143":2,"144":2,"147":1,"154":2,"155":2,"158":1,"165":2,"166":2,"169":1,"176":2,"177":2,"180":1,"187":1,"188":1,"192":1,"193":1}},"/home/travis/build/npmtest/node-npmtest-buffer/lib.npmtest_buffer.js":{"path":"/home/travis/build/npmtest/node-npmtest-buffer/lib.npmtest_buffer.js","s":{"1":2,"2":2,"3":2,"4":2,"5":2,"6":2,"7":2,"8":1,"9":2,"10":2,"11":2,"12":2,"13":1,"14":1,"15":1,"16":1},"b":{"1":[2,1,1,1],"2":[1,1,1,1],"3":[1,1],"4":[2,2],"5":[1,1]},"f":{"1":2,"2":2,"3":2},"fnMap":{"1":{"name":"(anonymous_1)","line":12,"loc":{"start":{"line":12,"column":1},"end":{"line":12,"column":13}}},"2":{"name":"(anonymous_2)","line":19,"loc":{"start":{"line":19,"column":5},"end":{"line":19,"column":17}}},"3":{"name":"(anonymous_3)","line":23,"loc":{"start":{"line":23,"column":24},"end":{"line":23,"column":36}}}},"statementMap":{"1":{"start":{"line":12,"column":0},"end":{"line":53,"column":5}},"2":{"start":{"line":14,"column":4},"end":{"line":14,"column":14}},"3":{"start":{"line":19,"column":4},"end":{"line":52,"column":9}},"4":{"start":{"line":21,"column":8},"end":{"line":21,"column":19}},"5":{"start":{"line":23,"column":8},"end":{"line":35,"column":13}},"6":{"start":{"line":24,"column":12},"end":{"line":34,"column":13}},"7":{"start":{"line":25,"column":16},"end":{"line":28,"column":30}},"8":{"start":{"line":30,"column":16},"end":{"line":33,"column":27}},"9":{"start":{"line":37,"column":8},"end":{"line":39,"column":21}},"10":{"start":{"line":41,"column":8},"end":{"line":41,"column":54}},"11":{"start":{"line":43,"column":8},"end":{"line":43,"column":51}},"12":{"start":{"line":45,"column":8},"end":{"line":51,"column":9}},"13":{"start":{"line":46,"column":12},"end":{"line":46,"column":57}},"14":{"start":{"line":48,"column":12},"end":{"line":48,"column":35}},"15":{"start":{"line":49,"column":12},"end":{"line":49,"column":49}},"16":{"start":{"line":50,"column":12},"end":{"line":50,"column":43}}},"branchMap":{"1":{"line":25,"type":"binary-expr","locations":[{"start":{"line":25,"column":23},"end":{"line":25,"column":62}},{"start":{"line":26,"column":20},"end":{"line":26,"column":70}},{"start":{"line":27,"column":20},"end":{"line":27,"column":71}},{"start":{"line":28,"column":20},"end":{"line":28,"column":29}}]},"2":{"line":30,"type":"binary-expr","locations":[{"start":{"line":30,"column":23},"end":{"line":30,"column":37}},{"start":{"line":31,"column":20},"end":{"line":31,"column":61}},{"start":{"line":32,"column":20},"end":{"line":32,"column":70}},{"start":{"line":33,"column":20},"end":{"line":33,"column":26}}]},"3":{"line":37,"type":"cond-expr","locations":[{"start":{"line":38,"column":14},"end":{"line":38,"column":20}},{"start":{"line":39,"column":14},"end":{"line":39,"column":20}}]},"4":{"line":41,"type":"binary-expr","locations":[{"start":{"line":41,"column":16},"end":{"line":41,"column":44}},{"start":{"line":41,"column":48},"end":{"line":41,"column":53}}]},"5":{"line":45,"type":"if","locations":[{"start":{"line":45,"column":8},"end":{"line":45,"column":8}},{"start":{"line":45,"column":8},"end":{"line":45,"column":8}}]}},"code":["/* istanbul instrument in package npmtest_buffer */","/*jslint","    bitwise: true,","    browser: true,","    maxerr: 8,","    maxlen: 96,","    node: true,","    nomen: true,","    regexp: true,","    stupid: true","*/","(function () {","    'use strict';","    var local;","","","","    // run shared js-env code - pre-init","    (function () {","        // init local","        local = {};","        // init modeJs","        local.modeJs = (function () {","            try {","                return typeof navigator.userAgent === 'string' &&","                    typeof document.querySelector('body') === 'object' &&","                    typeof XMLHttpRequest.prototype.open === 'function' &&","                    'browser';","            } catch (errorCaughtBrowser) {","                return module.exports &&","                    typeof process.versions.node === 'string' &&","                    typeof require('http').createServer === 'function' &&","                    'node';","            }","        }());","        // init global","        local.global = local.modeJs === 'browser'","            ? window","            : global;","        // init utility2_rollup","        local = local.global.utility2_rollup || local;","        // init lib","        local.local = local.npmtest_buffer = local;","        // init exports","        if (local.modeJs === 'browser') {","            local.global.utility2_npmtest_buffer = local;","        } else {","            module.exports = local;","            module.exports.__dirname = __dirname;","            module.exports.module = module;","        }","    }());","}());",""],"l":{"12":2,"14":2,"19":2,"21":2,"23":2,"24":2,"25":2,"30":1,"37":2,"41":2,"43":2,"45":2,"46":1,"48":1,"49":1,"50":1}},"/home/travis/build/npmtest/node-npmtest-buffer/example.js":{"path":"/home/travis/build/npmtest/node-npmtest-buffer/example.js","s":{"1":2,"2":2,"3":2,"4":2,"5":2,"6":2,"7":2,"8":1,"9":2,"10":2,"11":2,"12":2,"13":1,"14":2,"15":2,"16":2,"17":2,"18":2,"19":0,"20":2,"21":1,"22":1,"23":1,"24":1,"25":1,"26":0,"27":0,"28":1,"29":1,"30":2,"31":0,"32":0,"33":0,"34":1,"35":2,"36":2,"37":3,"38":3,"39":3,"40":3,"41":0,"42":3,"43":3,"44":3,"45":1,"46":3,"47":1,"48":1,"49":1,"50":1,"51":1,"52":1,"53":1,"54":1,"55":1,"56":1,"57":0,"58":1,"59":6,"60":6,"61":1,"62":2,"63":0,"64":2,"65":1,"66":1,"67":0,"68":0,"69":0,"70":0,"71":0,"72":0,"73":0,"74":0,"75":0,"76":0,"77":0,"78":0,"79":0,"80":0,"81":0,"82":0,"83":0},"b":{"1":[2,1,1,1],"2":[1,1,1,1],"3":[1,1],"4":[2,2],"5":[1,1],"6":[1,1],"7":[2,0],"8":[2,1,1,1,1,1],"9":[0,2,0],"10":[1,1],"11":[2,1,1],"12":[1,0],"13":[0,2],"14":[2,0,0,0,0,0,0],"15":[0,3],"16":[3,0],"17":[1,1],"18":[0,1],"19":[1,2,0,2],"20":[1,0],"21":[1,1],"22":[0,0],"23":[0,0],"24":[0,0],"25":[0,0],"26":[0,0],"27":[0,0],"28":[0,0]},"f":{"1":2,"2":2,"3":2,"4":2,"5":2,"6":2,"7":3,"8":3,"9":3,"10":1,"11":6,"12":0},"fnMap":{"1":{"name":"(anonymous_1)","line":26,"loc":{"start":{"line":26,"column":1},"end":{"line":26,"column":13}}},"2":{"name":"(anonymous_2)","line":33,"loc":{"start":{"line":33,"column":5},"end":{"line":33,"column":17}}},"3":{"name":"(anonymous_3)","line":37,"loc":{"start":{"line":37,"column":24},"end":{"line":37,"column":36}}},"4":{"name":"(anonymous_4)","line":69,"loc":{"start":{"line":69,"column":31},"end":{"line":69,"column":48}},"skip":true},"5":{"name":"(anonymous_5)","line":78,"loc":{"start":{"line":78,"column":26},"end":{"line":78,"column":45}},"skip":true},"6":{"name":"(anonymous_6)","line":123,"loc":{"start":{"line":123,"column":33},"end":{"line":123,"column":48}},"skip":true},"7":{"name":"(anonymous_7)","line":125,"loc":{"start":{"line":125,"column":27},"end":{"line":125,"column":39}},"skip":true},"8":{"name":"(anonymous_8)","line":133,"loc":{"start":{"line":133,"column":59},"end":{"line":133,"column":74}},"skip":true},"9":{"name":"(anonymous_9)","line":143,"loc":{"start":{"line":143,"column":45},"end":{"line":143,"column":62}},"skip":true},"10":{"name":"(anonymous_10)","line":144,"loc":{"start":{"line":144,"column":73},"end":{"line":144,"column":92}},"skip":true},"11":{"name":"(anonymous_11)","line":272,"loc":{"start":{"line":272,"column":51},"end":{"line":272,"column":77}},"skip":true},"12":{"name":"(anonymous_12)","line":315,"loc":{"start":{"line":315,"column":32},"end":{"line":315,"column":61}},"skip":true}},"statementMap":{"1":{"start":{"line":26,"column":0},"end":{"line":326,"column":5}},"2":{"start":{"line":28,"column":4},"end":{"line":28,"column":14}},"3":{"start":{"line":33,"column":4},"end":{"line":60,"column":9}},"4":{"start":{"line":35,"column":8},"end":{"line":35,"column":19}},"5":{"start":{"line":37,"column":8},"end":{"line":49,"column":13}},"6":{"start":{"line":38,"column":12},"end":{"line":48,"column":13}},"7":{"start":{"line":39,"column":16},"end":{"line":42,"column":30}},"8":{"start":{"line":44,"column":16},"end":{"line":47,"column":27}},"9":{"start":{"line":51,"column":8},"end":{"line":53,"column":21}},"10":{"start":{"line":55,"column":8},"end":{"line":57,"column":45}},"11":{"start":{"line":59,"column":8},"end":{"line":59,"column":35}},"12":{"start":{"line":61,"column":4},"end":{"line":325,"column":5}},"13":{"start":{"line":69,"column":8},"end":{"line":121,"column":10},"skip":true},"14":{"start":{"line":70,"column":12},"end":{"line":88,"column":13},"skip":true},"15":{"start":{"line":76,"column":16},"end":{"line":87,"column":19},"skip":true},"16":{"start":{"line":79,"column":20},"end":{"line":86,"column":21},"skip":true},"17":{"start":{"line":82,"column":24},"end":{"line":82,"column":43},"skip":true},"18":{"start":{"line":83,"column":24},"end":{"line":83,"column":30},"skip":true},"19":{"start":{"line":85,"column":24},"end":{"line":85,"column":49},"skip":true},"20":{"start":{"line":89,"column":12},"end":{"line":107,"column":13},"skip":true},"21":{"start":{"line":92,"column":16},"end":{"line":102,"column":17},"skip":true},"22":{"start":{"line":93,"column":20},"end":{"line":93,"column":86},"skip":true},"23":{"start":{"line":94,"column":20},"end":{"line":95,"column":45},"skip":true},"24":{"start":{"line":96,"column":20},"end":{"line":96,"column":42},"skip":true},"25":{"start":{"line":97,"column":20},"end":{"line":97,"column":48},"skip":true},"26":{"start":{"line":100,"column":20},"end":{"line":100,"column":85},"skip":true},"27":{"start":{"line":101,"column":20},"end":{"line":101,"column":96},"skip":true},"28":{"start":{"line":103,"column":16},"end":{"line":103,"column":22},"skip":true},"29":{"start":{"line":106,"column":16},"end":{"line":106,"column":22},"skip":true},"30":{"start":{"line":108,"column":12},"end":{"line":120,"column":13},"skip":true},"31":{"start":{"line":114,"column":16},"end":{"line":119,"column":17},"skip":true},"32":{"start":{"line":116,"column":20},"end":{"line":116,"column":78},"skip":true},"33":{"start":{"line":118,"column":20},"end":{"line":118,"column":47},"skip":true},"34":{"start":{"line":123,"column":8},"end":{"line":141,"column":11},"skip":true},"35":{"start":{"line":124,"column":12},"end":{"line":124,"column":54},"skip":true},"36":{"start":{"line":125,"column":12},"end":{"line":140,"column":14},"skip":true},"37":{"start":{"line":126,"column":16},"end":{"line":126,"column":28},"skip":true},"38":{"start":{"line":127,"column":16},"end":{"line":127,"column":69},"skip":true},"39":{"start":{"line":128,"column":16},"end":{"line":128,"column":75},"skip":true},"40":{"start":{"line":129,"column":16},"end":{"line":131,"column":17},"skip":true},"41":{"start":{"line":130,"column":20},"end":{"line":130,"column":27},"skip":true},"42":{"start":{"line":133,"column":16},"end":{"line":137,"column":36},"skip":true},"43":{"start":{"line":134,"column":20},"end":{"line":136,"column":55},"skip":true},"44":{"start":{"line":139,"column":16},"end":{"line":139,"column":57},"skip":true},"45":{"start":{"line":143,"column":8},"end":{"line":147,"column":11},"skip":true},"46":{"start":{"line":144,"column":12},"end":{"line":146,"column":15},"skip":true},"47":{"start":{"line":145,"column":16},"end":{"line":145,"column":70},"skip":true},"48":{"start":{"line":149,"column":8},"end":{"line":149,"column":31},"skip":true},"49":{"start":{"line":150,"column":8},"end":{"line":150,"column":14},"skip":true},"50":{"start":{"line":158,"column":8},"end":{"line":158,"column":31},"skip":true},"51":{"start":{"line":160,"column":8},"end":{"line":160,"column":33},"skip":true},"52":{"start":{"line":161,"column":8},"end":{"line":161,"column":37},"skip":true},"53":{"start":{"line":162,"column":8},"end":{"line":162,"column":35},"skip":true},"54":{"start":{"line":164,"column":8},"end":{"line":164,"column":50},"skip":true},"55":{"start":{"line":166,"column":8},"end":{"line":256,"column":2},"skip":true},"56":{"start":{"line":258,"column":8},"end":{"line":286,"column":9},"skip":true},"57":{"start":{"line":259,"column":12},"end":{"line":269,"column":14},"skip":true},"58":{"start":{"line":271,"column":12},"end":{"line":285,"column":19},"skip":true},"59":{"start":{"line":274,"column":20},"end":{"line":274,"column":35},"skip":true},"60":{"start":{"line":275,"column":20},"end":{"line":284,"column":21},"skip":true},"61":{"start":{"line":277,"column":24},"end":{"line":277,"column":64},"skip":true},"62":{"start":{"line":279,"column":24},"end":{"line":279,"column":40},"skip":true},"63":{"start":{"line":281,"column":24},"end":{"line":281,"column":40},"skip":true},"64":{"start":{"line":283,"column":24},"end":{"line":283,"column":39},"skip":true},"65":{"start":{"line":288,"column":8},"end":{"line":290,"column":9},"skip":true},"66":{"start":{"line":289,"column":12},"end":{"line":289,"column":18},"skip":true},"67":{"start":{"line":291,"column":8},"end":{"line":293,"column":54},"skip":true},"68":{"start":{"line":296,"column":8},"end":{"line":301,"column":37},"skip":true},"69":{"start":{"line":303,"column":8},"end":{"line":303,"column":82},"skip":true},"70":{"start":{"line":306,"column":8},"end":{"line":308,"column":9},"skip":true},"71":{"start":{"line":307,"column":12},"end":{"line":307,"column":82},"skip":true},"72":{"start":{"line":310,"column":8},"end":{"line":312,"column":9},"skip":true},"73":{"start":{"line":311,"column":12},"end":{"line":311,"column":18},"skip":true},"74":{"start":{"line":313,"column":8},"end":{"line":313,"column":54},"skip":true},"75":{"start":{"line":314,"column":8},"end":{"line":314,"column":69},"skip":true},"76":{"start":{"line":315,"column":8},"end":{"line":323,"column":36},"skip":true},"77":{"start":{"line":316,"column":12},"end":{"line":316,"column":61},"skip":true},"78":{"start":{"line":317,"column":12},"end":{"line":320,"column":13},"skip":true},"79":{"start":{"line":318,"column":16},"end":{"line":318,"column":75},"skip":true},"80":{"start":{"line":319,"column":16},"end":{"line":319,"column":23},"skip":true},"81":{"start":{"line":321,"column":12},"end":{"line":321,"column":38},"skip":true},"82":{"start":{"line":322,"column":12},"end":{"line":322,"column":27},"skip":true},"83":{"start":{"line":324,"column":8},"end":{"line":324,"column":14},"skip":true}},"branchMap":{"1":{"line":39,"type":"binary-expr","locations":[{"start":{"line":39,"column":23},"end":{"line":39,"column":62}},{"start":{"line":40,"column":20},"end":{"line":40,"column":70}},{"start":{"line":41,"column":20},"end":{"line":41,"column":71}},{"start":{"line":42,"column":20},"end":{"line":42,"column":29}}]},"2":{"line":44,"type":"binary-expr","locations":[{"start":{"line":44,"column":23},"end":{"line":44,"column":37}},{"start":{"line":45,"column":20},"end":{"line":45,"column":61}},{"start":{"line":46,"column":20},"end":{"line":46,"column":70}},{"start":{"line":47,"column":20},"end":{"line":47,"column":26}}]},"3":{"line":51,"type":"cond-expr","locations":[{"start":{"line":52,"column":14},"end":{"line":52,"column":20}},{"start":{"line":53,"column":14},"end":{"line":53,"column":20}}]},"4":{"line":55,"type":"binary-expr","locations":[{"start":{"line":55,"column":16},"end":{"line":55,"column":44}},{"start":{"line":55,"column":49},"end":{"line":57,"column":43}}]},"5":{"line":55,"type":"cond-expr","locations":[{"start":{"line":56,"column":14},"end":{"line":56,"column":50}},{"start":{"line":57,"column":14},"end":{"line":57,"column":43}}]},"6":{"line":61,"type":"switch","locations":[{"start":{"line":68,"column":4},"end":{"line":150,"column":14},"skip":true},{"start":{"line":156,"column":4},"end":{"line":324,"column":14},"skip":true}]},"7":{"line":70,"type":"if","locations":[{"start":{"line":70,"column":12},"end":{"line":70,"column":12},"skip":true},{"start":{"line":70,"column":12},"end":{"line":70,"column":12},"skip":true}]},"8":{"line":70,"type":"binary-expr","locations":[{"start":{"line":70,"column":16},"end":{"line":70,"column":22},"skip":true},{"start":{"line":70,"column":27},"end":{"line":70,"column":32},"skip":true},{"start":{"line":71,"column":20},"end":{"line":71,"column":39},"skip":true},{"start":{"line":72,"column":20},"end":{"line":72,"column":49},"skip":true},{"start":{"line":73,"column":20},"end":{"line":73,"column":58},"skip":true},{"start":{"line":74,"column":20},"end":{"line":74,"column":69},"skip":true}]},"9":{"line":79,"type":"switch","locations":[{"start":{"line":80,"column":20},"end":{"line":80,"column":33},"skip":true},{"start":{"line":81,"column":20},"end":{"line":83,"column":30},"skip":true},{"start":{"line":84,"column":20},"end":{"line":85,"column":49},"skip":true}]},"10":{"line":89,"type":"switch","locations":[{"start":{"line":90,"column":12},"end":{"line":103,"column":22},"skip":true},{"start":{"line":105,"column":12},"end":{"line":106,"column":22},"skip":true}]},"11":{"line":89,"type":"binary-expr","locations":[{"start":{"line":89,"column":20},"end":{"line":89,"column":25},"skip":true},{"start":{"line":89,"column":29},"end":{"line":89,"column":48},"skip":true},{"start":{"line":89,"column":52},"end":{"line":89,"column":74},"skip":true}]},"12":{"line":92,"type":"if","locations":[{"start":{"line":92,"column":16},"end":{"line":92,"column":16},"skip":true},{"start":{"line":92,"column":16},"end":{"line":92,"column":16},"skip":true}]},"13":{"line":108,"type":"if","locations":[{"start":{"line":108,"column":12},"end":{"line":108,"column":12},"skip":true},{"start":{"line":108,"column":12},"end":{"line":108,"column":12},"skip":true}]},"14":{"line":108,"type":"binary-expr","locations":[{"start":{"line":108,"column":16},"end":{"line":108,"column":61},"skip":true},{"start":{"line":108,"column":66},"end":{"line":108,"column":72},"skip":true},{"start":{"line":108,"column":77},"end":{"line":108,"column":82},"skip":true},{"start":{"line":109,"column":20},"end":{"line":109,"column":39},"skip":true},{"start":{"line":110,"column":20},"end":{"line":110,"column":49},"skip":true},{"start":{"line":111,"column":20},"end":{"line":111,"column":58},"skip":true},{"start":{"line":112,"column":20},"end":{"line":112,"column":68},"skip":true}]},"15":{"line":129,"type":"if","locations":[{"start":{"line":129,"column":16},"end":{"line":129,"column":16},"skip":true},{"start":{"line":129,"column":16},"end":{"line":129,"column":16},"skip":true}]},"16":{"line":134,"type":"cond-expr","locations":[{"start":{"line":135,"column":26},"end":{"line":135,"column":29},"skip":true},{"start":{"line":136,"column":26},"end":{"line":136,"column":54},"skip":true}]},"17":{"line":164,"type":"binary-expr","locations":[{"start":{"line":164,"column":27},"end":{"line":164,"column":43},"skip":true},{"start":{"line":164,"column":47},"end":{"line":164,"column":49},"skip":true}]},"18":{"line":258,"type":"if","locations":[{"start":{"line":258,"column":8},"end":{"line":258,"column":8},"skip":true},{"start":{"line":258,"column":8},"end":{"line":258,"column":8},"skip":true}]},"19":{"line":275,"type":"switch","locations":[{"start":{"line":276,"column":20},"end":{"line":277,"column":64},"skip":true},{"start":{"line":278,"column":20},"end":{"line":279,"column":40},"skip":true},{"start":{"line":280,"column":20},"end":{"line":281,"column":40},"skip":true},{"start":{"line":282,"column":20},"end":{"line":283,"column":39},"skip":true}]},"20":{"line":288,"type":"if","locations":[{"start":{"line":288,"column":8},"end":{"line":288,"column":8},"skip":true},{"start":{"line":288,"column":8},"end":{"line":288,"column":8},"skip":true}]},"21":{"line":288,"type":"binary-expr","locations":[{"start":{"line":288,"column":12},"end":{"line":288,"column":40},"skip":true},{"start":{"line":288,"column":44},"end":{"line":288,"column":67},"skip":true}]},"22":{"line":292,"type":"binary-expr","locations":[{"start":{"line":292,"column":12},"end":{"line":292,"column":50},"skip":true},{"start":{"line":293,"column":12},"end":{"line":293,"column":53},"skip":true}]},"23":{"line":297,"type":"binary-expr","locations":[{"start":{"line":297,"column":12},"end":{"line":297,"column":64},"skip":true},{"start":{"line":298,"column":12},"end":{"line":301,"column":36},"skip":true}]},"24":{"line":303,"type":"binary-expr","locations":[{"start":{"line":303,"column":43},"end":{"line":303,"column":75},"skip":true},{"start":{"line":303,"column":79},"end":{"line":303,"column":81},"skip":true}]},"25":{"line":306,"type":"if","locations":[{"start":{"line":306,"column":8},"end":{"line":306,"column":8},"skip":true},{"start":{"line":306,"column":8},"end":{"line":306,"column":8},"skip":true}]},"26":{"line":310,"type":"if","locations":[{"start":{"line":310,"column":8},"end":{"line":310,"column":8},"skip":true},{"start":{"line":310,"column":8},"end":{"line":310,"column":8},"skip":true}]},"27":{"line":313,"type":"binary-expr","locations":[{"start":{"line":313,"column":27},"end":{"line":313,"column":43},"skip":true},{"start":{"line":313,"column":47},"end":{"line":313,"column":53},"skip":true}]},"28":{"line":317,"type":"if","locations":[{"start":{"line":317,"column":12},"end":{"line":317,"column":12},"skip":true},{"start":{"line":317,"column":12},"end":{"line":317,"column":12},"skip":true}]}},"code":["/*","example.js","","quickstart example","","instruction","    1. save this script as example.js","    2. run the shell command:","        $ npm install npmtest-buffer && PORT=8081 node example.js","    3. play with the browser-demo on http://127.0.0.1:8081","*/","","","","/* istanbul instrument in package npmtest_buffer */","/*jslint","    bitwise: true,","    browser: true,","    maxerr: 8,","    maxlen: 96,","    node: true,","    nomen: true,","    regexp: true,","    stupid: true","*/","(function () {","    'use strict';","    var local;","","","","    // run shared js-env code - pre-init","    (function () {","        // init local","        local = {};","        // init modeJs","        local.modeJs = (function () {","            try {","                return typeof navigator.userAgent === 'string' &&","                    typeof document.querySelector('body') === 'object' &&","                    typeof XMLHttpRequest.prototype.open === 'function' &&","                    'browser';","            } catch (errorCaughtBrowser) {","                return module.exports &&","                    typeof process.versions.node === 'string' &&","                    typeof require('http').createServer === 'function' &&","                    'node';","            }","        }());","        // init global","        local.global = local.modeJs === 'browser'","            ? window","            : global;","        // init utility2_rollup","        local = local.global.utility2_rollup || (local.modeJs === 'browser'","            ? local.global.utility2_npmtest_buffer","            : global.utility2_moduleExports);","        // export local","        local.global.local = local;","    }());","    switch (local.modeJs) {","","","","    // post-init","    // run browser js-env code - post-init","    /* istanbul ignore next */","    case 'browser':","        local.testRunBrowser = function (event) {","            if (!event || (event &&","                    event.currentTarget &&","                    event.currentTarget.className &&","                    event.currentTarget.className.includes &&","                    event.currentTarget.className.includes('onreset'))) {","                // reset output","                Array.from(","                    document.querySelectorAll('body > .resettable')","                ).forEach(function (element) {","                    switch (element.tagName) {","                    case 'INPUT':","                    case 'TEXTAREA':","                        element.value = '';","                        break;","                    default:","                        element.textContent = '';","                    }","                });","            }","            switch (event && event.currentTarget && event.currentTarget.id) {","            case 'testRunButton1':","                // show tests","                if (document.querySelector('#testReportDiv1').style.display === 'none') {","                    document.querySelector('#testReportDiv1').style.display = 'block';","                    document.querySelector('#testRunButton1').textContent =","                        'hide internal test';","                    local.modeTest = true;","                    local.testRunDefault(local);","                // hide tests","                } else {","                    document.querySelector('#testReportDiv1').style.display = 'none';","                    document.querySelector('#testRunButton1').textContent = 'run internal test';","                }","                break;","            // custom-case","            default:","                break;","            }","            if (document.querySelector('#inputTextareaEval1') && (!event || (event &&","                    event.currentTarget &&","                    event.currentTarget.className &&","                    event.currentTarget.className.includes &&","                    event.currentTarget.className.includes('oneval')))) {","                // try to eval input-code","                try {","                    /*jslint evil: true*/","                    eval(document.querySelector('#inputTextareaEval1').value);","                } catch (errorCaught) {","                    console.error(errorCaught);","                }","            }","        };","        // log stderr and stdout to #outputTextareaStdout1","        ['error', 'log'].forEach(function (key) {","            console[key + '_original'] = console[key];","            console[key] = function () {","                var element;","                console[key + '_original'].apply(console, arguments);","                element = document.querySelector('#outputTextareaStdout1');","                if (!element) {","                    return;","                }","                // append text to #outputTextareaStdout1","                element.value += Array.from(arguments).map(function (arg) {","                    return typeof arg === 'string'","                        ? arg","                        : JSON.stringify(arg, null, 4);","                }).join(' ') + '\\n';","                // scroll textarea to bottom","                element.scrollTop = element.scrollHeight;","            };","        });","        // init event-handling","        ['change', 'click', 'keyup'].forEach(function (event) {","            Array.from(document.querySelectorAll('.on' + event)).forEach(function (element) {","                element.addEventListener(event, local.testRunBrowser);","            });","        });","        // run tests","        local.testRunBrowser();","        break;","","","","    // run node js-env code - post-init","    /* istanbul ignore next */","    case 'node':","        // export local","        module.exports = local;","        // require modules","        local.fs = require('fs');","        local.http = require('http');","        local.url = require('url');","        // init assets","        local.assetsDict = local.assetsDict || {};","        /* jslint-ignore-begin */","        local.assetsDict['/assets.index.template.html'] = '\\","<!doctype html>\\n\\","<html lang=\"en\">\\n\\","<head>\\n\\","<meta charset=\"UTF-8\">\\n\\","<meta name=\"viewport\" content=\"width=device-width, initial-scale=1\">\\n\\","<title>{{env.npm_package_name}} (v{{env.npm_package_version}})</title>\\n\\","<style>\\n\\","/*csslint\\n\\","    box-sizing: false,\\n\\","    universal-selector: false\\n\\","*/\\n\\","* {\\n\\","    box-sizing: border-box;\\n\\","}\\n\\","body {\\n\\","    background: #dde;\\n\\","    font-family: Arial, Helvetica, sans-serif;\\n\\","    margin: 2rem;\\n\\","}\\n\\","body > * {\\n\\","    margin-bottom: 1rem;\\n\\","}\\n\\",".utility2FooterDiv {\\n\\","    margin-top: 20px;\\n\\","    text-align: center;\\n\\","}\\n\\","</style>\\n\\","<style>\\n\\","/*csslint\\n\\","*/\\n\\","textarea {\\n\\","    font-family: monospace;\\n\\","    height: 10rem;\\n\\","    width: 100%;\\n\\","}\\n\\","textarea[readonly] {\\n\\","    background: #ddd;\\n\\","}\\n\\","</style>\\n\\","</head>\\n\\","<body>\\n\\","<!-- utility2-comment\\n\\","<div id=\"ajaxProgressDiv1\" style=\"background: #d00; height: 2px; left: 0; margin: 0; padding: 0; position: fixed; top: 0; transition: background 0.5s, width 1.5s; width: 25%;\"></div>\\n\\","utility2-comment -->\\n\\","<h1>\\n\\","<!-- utility2-comment\\n\\","    <a\\n\\","        {{#if env.npm_package_homepage}}\\n\\","        href=\"{{env.npm_package_homepage}}\"\\n\\","        {{/if env.npm_package_homepage}}\\n\\","        target=\"_blank\"\\n\\","    >\\n\\","utility2-comment -->\\n\\","        {{env.npm_package_name}} (v{{env.npm_package_version}})\\n\\","<!-- utility2-comment\\n\\","    </a>\\n\\","utility2-comment -->\\n\\","</h1>\\n\\","<h3>{{env.npm_package_description}}</h3>\\n\\","<!-- utility2-comment\\n\\","<h4><a download href=\"assets.app.js\">download standalone app</a></h4>\\n\\","<button class=\"onclick onreset\" id=\"testRunButton1\">run internal test</button><br>\\n\\","<div id=\"testReportDiv1\" style=\"display: none;\"></div>\\n\\","utility2-comment -->\\n\\","\\n\\","\\n\\","\\n\\","<label>stderr and stdout</label>\\n\\","<textarea class=\"resettable\" id=\"outputTextareaStdout1\" readonly></textarea>\\n\\","<!-- utility2-comment\\n\\","{{#if isRollup}}\\n\\","<script src=\"assets.app.js\"></script>\\n\\","{{#unless isRollup}}\\n\\","utility2-comment -->\\n\\","<script src=\"assets.utility2.rollup.js\"></script>\\n\\","<script src=\"jsonp.utility2._stateInit?callback=window.utility2._stateInit\"></script>\\n\\","<script src=\"assets.npmtest_buffer.rollup.js\"></script>\\n\\","<script src=\"assets.example.js\"></script>\\n\\","<script src=\"assets.test.js\"></script>\\n\\","<!-- utility2-comment\\n\\","{{/if isRollup}}\\n\\","utility2-comment -->\\n\\","<div class=\"utility2FooterDiv\">\\n\\","    [ this app was created with\\n\\","    <a href=\"https://github.com/kaizhu256/node-utility2\" target=\"_blank\">utility2</a>\\n\\","    ]\\n\\","</div>\\n\\","</body>\\n\\","</html>\\n\\","';","        /* jslint-ignore-end */","        if (local.templateRender) {","            local.assetsDict['/'] = local.templateRender(","                local.assetsDict['/assets.index.template.html'],","                {","                    env: local.objectSetDefault(local.env, {","                        npm_package_description: 'the greatest app in the world!',","                        npm_package_name: 'my-app',","                        npm_package_nameAlias: 'my_app',","                        npm_package_version: '0.0.1'","                    })","                }","            );","        } else {","            local.assetsDict['/'] = local.assetsDict['/assets.index.template.html']","                .replace((/\\{\\{env\\.(\\w+?)\\}\\}/g), function (match0, match1) {","                    // jslint-hack","                    String(match0);","                    switch (match1) {","                    case 'npm_package_description':","                        return 'the greatest app in the world!';","                    case 'npm_package_name':","                        return 'my-app';","                    case 'npm_package_nameAlias':","                        return 'my_app';","                    case 'npm_package_version':","                        return '0.0.1';","                    }","                });","        }","        // run the cli","        if (local.global.utility2_rollup || module !== require.main) {","            break;","        }","        local.assetsDict['/assets.example.js'] =","            local.assetsDict['/assets.example.js'] ||","            local.fs.readFileSync(__filename, 'utf8');","        // bug-workaround - long $npm_package_buildCustomOrg","        /* jslint-ignore-begin */","        local.assetsDict['/assets.npmtest_buffer.rollup.js'] =","            local.assetsDict['/assets.npmtest_buffer.rollup.js'] ||","            local.fs.readFileSync(","                local.npmtest_buffer.__dirname + '/lib.npmtest_buffer.js',","                'utf8'","            ).replace((/^#!/), '//');","        /* jslint-ignore-end */","        local.assetsDict['/favicon.ico'] = local.assetsDict['/favicon.ico'] || '';","        // if $npm_config_timeout_exit exists,","        // then exit this process after $npm_config_timeout_exit ms","        if (Number(process.env.npm_config_timeout_exit)) {","            setTimeout(process.exit, Number(process.env.npm_config_timeout_exit));","        }","        // start server","        if (local.global.utility2_serverHttp1) {","            break;","        }","        process.env.PORT = process.env.PORT || '8081';","        console.error('server starting on port ' + process.env.PORT);","        local.http.createServer(function (request, response) {","            request.urlParsed = local.url.parse(request.url);","            if (local.assetsDict[request.urlParsed.pathname] !== undefined) {","                response.end(local.assetsDict[request.urlParsed.pathname]);","                return;","            }","            response.statusCode = 404;","            response.end();","        }).listen(process.env.PORT);","        break;","    }","}());",""],"l":{"26":2,"28":2,"33":2,"35":2,"37":2,"38":2,"39":2,"44":1,"51":2,"55":2,"59":2,"61":2,"69":1,"70":2,"76":2,"79":2,"82":2,"83":2,"85":1,"89":2,"92":1,"93":1,"94":1,"96":1,"97":1,"100":1,"101":1,"103":1,"106":1,"108":2,"114":1,"116":1,"118":1,"123":1,"124":2,"125":2,"126":3,"127":3,"128":3,"129":3,"130":1,"133":3,"134":3,"139":3,"143":1,"144":3,"145":1,"149":1,"150":1,"158":1,"160":1,"161":1,"162":1,"164":1,"166":1,"258":1,"259":1,"271":1,"274":6,"275":6,"277":1,"279":2,"281":1,"283":2,"288":1,"289":1,"291":1,"296":1,"303":1,"306":1,"307":1,"310":1,"311":1,"313":1,"314":1,"315":1,"316":1,"317":1,"318":1,"319":1,"321":1,"322":1,"324":1}},"/home/travis/build/npmtest/node-npmtest-buffer/node_modules/buffer/index.js":{"path":"/home/travis/build/npmtest/node-npmtest-buffer/node_modules/buffer/index.js","s":{"1":1,"2":1,"3":1,"4":1,"5":1,"6":1,"7":1,"8":1,"9":1,"10":0,"11":1,"12":1,"13":1,"14":1,"15":1,"16":1,"17":0,"18":1,"19":0,"20":0,"21":0,"22":0,"23":0,"24":1,"25":0,"26":0,"27":0,"28":0,"29":0,"30":1,"31":0,"32":1,"33":1,"34":0,"35":0,"36":0,"37":0,"38":0,"39":0,"40":0,"41":1,"42":0,"43":1,"44":1,"45":1,"46":0,"47":0,"48":0,"49":0,"50":1,"51":0,"52":0,"53":0,"54":0,"55":0,"56":0,"57":1,"58":0,"59":1,"60":0,"61":0,"62":1,"63":0,"64":1,"65":0,"66":1,"67":0,"68":0,"69":0,"70":0,"71":0,"72":0,"73":0,"74":0,"75":0,"76":0,"77":1,"78":0,"79":0,"80":0,"81":0,"82":0,"83":1,"84":0,"85":0,"86":0,"87":0,"88":0,"89":0,"90":0,"91":0,"92":0,"93":0,"94":0,"95":0,"96":1,"97":0,"98":0,"99":0,"100":0,"101":0,"102":0,"103":0,"104":0,"105":0,"106":0,"107":0,"108":0,"109":0,"110":0,"111":0,"112":1,"113":0,"114":0,"115":0,"116":1,"117":0,"118":0,"119":0,"120":1,"121":0,"122":1,"123":0,"124":0,"125":0,"126":0,"127":0,"128":0,"129":0,"130":0,"131":0,"132":0,"133":0,"134":0,"135":0,"136":0,"137":0,"138":0,"139":1,"140":0,"141":0,"142":0,"143":1,"144":0,"145":0,"146":0,"147":0,"148":0,"149":0,"150":0,"151":0,"152":0,"153":0,"154":0,"155":0,"156":0,"157":0,"158":0,"159":0,"160":0,"161":0,"162":1,"163":0,"164":0,"165":0,"166":0,"167":0,"168":0,"169":0,"170":0,"171":0,"172":0,"173":0,"174":0,"175":0,"176":0,"177":0,"178":0,"179":0,"180":0,"181":0,"182":0,"183":0,"184":1,"185":1,"186":0,"187":0,"188":0,"189":0,"190":0,"191":0,"192":0,"193":0,"194":0,"195":0,"196":0,"197":0,"198":0,"199":0,"200":0,"201":0,"202":0,"203":0,"204":0,"205":0,"206":0,"207":0,"208":0,"209":0,"210":0,"211":0,"212":0,"213":1,"214":1,"215":0,"216":0,"217":0,"218":1,"219":0,"220":0,"221":0,"222":0,"223":0,"224":0,"225":1,"226":0,"227":0,"228":0,"229":0,"230":0,"231":0,"232":0,"233":1,"234":0,"235":0,"236":0,"237":0,"238":0,"239":0,"240":0,"241":0,"242":0,"243":1,"244":0,"245":0,"246":0,"247":0,"248":0,"249":0,"250":1,"251":0,"252":0,"253":0,"254":0,"255":0,"256":1,"257":0,"258":0,"259":0,"260":0,"261":0,"262":0,"263":0,"264":1,"265":0,"266":0,"267":0,"268":0,"269":0,"270":0,"271":0,"272":0,"273":0,"274":0,"275":0,"276":0,"277":0,"278":0,"279":0,"280":0,"281":0,"282":0,"283":0,"284":0,"285":0,"286":0,"287":0,"288":0,"289":0,"290":0,"291":0,"292":0,"293":0,"294":0,"295":0,"296":0,"297":0,"298":0,"299":0,"300":0,"301":0,"302":0,"303":0,"304":1,"305":0,"306":0,"307":0,"308":0,"309":0,"310":0,"311":0,"312":0,"313":0,"314":0,"315":0,"316":0,"317":0,"318":0,"319":0,"320":0,"321":0,"322":0,"323":0,"324":0,"325":0,"326":0,"327":0,"328":0,"329":0,"330":0,"331":0,"332":0,"333":0,"334":0,"335":0,"336":0,"337":0,"338":0,"339":0,"340":0,"341":1,"342":0,"343":0,"344":0,"345":0,"346":0,"347":0,"348":0,"349":0,"350":0,"351":0,"352":0,"353":0,"354":1,"355":0,"356":0,"357":0,"358":0,"359":0,"360":0,"361":0,"362":0,"363":0,"364":0,"365":0,"366":0,"367":0,"368":0,"369":0,"370":0,"371":0,"372":0,"373":0,"374":0,"375":0,"376":0,"377":0,"378":0,"379":0,"380":0,"381":1,"382":0,"383":1,"384":0,"385":1,"386":0,"387":1,"388":0,"389":0,"390":0,"391":0,"392":0,"393":0,"394":0,"395":0,"396":0,"397":0,"398":0,"399":0,"400":0,"401":0,"402":0,"403":0,"404":0,"405":0,"406":1,"407":0,"408":1,"409":0,"410":1,"411":0,"412":1,"413":0,"414":1,"415":0,"416":1,"417":0,"418":0,"419":0,"420":0,"421":0,"422":0,"423":0,"424":0,"425":0,"426":0,"427":0,"428":0,"429":0,"430":0,"431":0,"432":0,"433":0,"434":0,"435":0,"436":0,"437":0,"438":0,"439":0,"440":0,"441":0,"442":0,"443":0,"444":0,"445":0,"446":0,"447":0,"448":0,"449":0,"450":0,"451":0,"452":0,"453":0,"454":1,"455":0,"456":1,"457":0,"458":0,"459":0,"460":1,"461":0,"462":0,"463":0,"464":0,"465":0,"466":0,"467":0,"468":0,"469":0,"470":0,"471":0,"472":0,"473":0,"474":0,"475":0,"476":0,"477":0,"478":0,"479":0,"480":0,"481":0,"482":0,"483":0,"484":0,"485":0,"486":0,"487":0,"488":0,"489":0,"490":0,"491":0,"492":0,"493":0,"494":0,"495":0,"496":0,"497":0,"498":0,"499":0,"500":0,"501":0,"502":0,"503":0,"504":1,"505":1,"506":0,"507":0,"508":0,"509":0,"510":0,"511":0,"512":0,"513":0,"514":1,"515":0,"516":0,"517":0,"518":0,"519":0,"520":1,"521":0,"522":0,"523":0,"524":0,"525":0,"526":1,"527":0,"528":0,"529":0,"530":0,"531":0,"532":0,"533":0,"534":0,"535":0,"536":1,"537":0,"538":0,"539":0,"540":0,"541":0,"542":1,"543":0,"544":0,"545":0,"546":0,"547":0,"548":0,"549":0,"550":0,"551":0,"552":0,"553":0,"554":0,"555":0,"556":0,"557":0,"558":0,"559":0,"560":0,"561":0,"562":0,"563":1,"564":0,"565":0,"566":0,"567":0,"568":1,"569":0,"570":0,"571":0,"572":0,"573":0,"574":0,"575":0,"576":0,"577":0,"578":0,"579":1,"580":0,"581":0,"582":0,"583":0,"584":0,"585":0,"586":0,"587":0,"588":0,"589":1,"590":0,"591":0,"592":0,"593":0,"594":1,"595":0,"596":0,"597":0,"598":0,"599":1,"600":0,"601":0,"602":0,"603":0,"604":1,"605":0,"606":0,"607":0,"608":0,"609":1,"610":0,"611":0,"612":0,"613":0,"614":1,"615":0,"616":0,"617":0,"618":0,"619":0,"620":0,"621":0,"622":0,"623":0,"624":0,"625":0,"626":0,"627":0,"628":1,"629":0,"630":0,"631":0,"632":0,"633":0,"634":0,"635":0,"636":0,"637":0,"638":0,"639":0,"640":0,"641":0,"642":1,"643":0,"644":0,"645":0,"646":0,"647":0,"648":0,"649":1,"650":0,"651":0,"652":0,"653":0,"654":0,"655":1,"656":0,"657":0,"658":0,"659":0,"660":0,"661":1,"662":0,"663":0,"664":0,"665":0,"666":1,"667":0,"668":0,"669":0,"670":0,"671":1,"672":0,"673":0,"674":0,"675":0,"676":1,"677":0,"678":0,"679":0,"680":0,"681":1,"682":0,"683":0,"684":0,"685":0,"686":1,"687":0,"688":0,"689":0,"690":0,"691":1,"692":0,"693":0,"694":0,"695":0,"696":0,"697":0,"698":1,"699":0,"700":0,"701":0,"702":0,"703":0,"704":0,"705":0,"706":0,"707":0,"708":0,"709":0,"710":0,"711":1,"712":0,"713":0,"714":0,"715":0,"716":0,"717":0,"718":0,"719":0,"720":0,"721":0,"722":0,"723":0,"724":1,"725":0,"726":0,"727":0,"728":0,"729":0,"730":0,"731":1,"732":0,"733":0,"734":0,"735":0,"736":0,"737":0,"738":0,"739":1,"740":0,"741":0,"742":0,"743":0,"744":0,"745":0,"746":0,"747":1,"748":0,"749":0,"750":0,"751":0,"752":0,"753":0,"754":0,"755":0,"756":0,"757":1,"758":0,"759":0,"760":0,"761":0,"762":0,"763":0,"764":0,"765":0,"766":0,"767":1,"768":0,"769":0,"770":0,"771":0,"772":0,"773":0,"774":0,"775":0,"776":0,"777":0,"778":0,"779":0,"780":0,"781":0,"782":1,"783":0,"784":0,"785":0,"786":0,"787":0,"788":0,"789":0,"790":0,"791":0,"792":0,"793":0,"794":0,"795":0,"796":0,"797":1,"798":0,"799":0,"800":0,"801":0,"802":0,"803":0,"804":0,"805":0,"806":1,"807":0,"808":0,"809":0,"810":0,"811":0,"812":0,"813":0,"814":1,"815":0,"816":0,"817":0,"818":0,"819":0,"820":0,"821":0,"822":1,"823":0,"824":0,"825":0,"826":0,"827":0,"828":0,"829":0,"830":0,"831":0,"832":1,"833":0,"834":0,"835":0,"836":0,"837":0,"838":0,"839":0,"840":0,"841":0,"842":0,"843":0,"844":1,"845":0,"846":0,"847":0,"848":0,"849":1,"850":0,"851":0,"852":0,"853":0,"854":0,"855":0,"856":1,"857":0,"858":1,"859":0,"860":1,"861":0,"862":0,"863":0,"864":0,"865":0,"866":0,"867":1,"868":0,"869":1,"870":0,"871":1,"872":0,"873":0,"874":0,"875":0,"876":0,"877":0,"878":0,"879":0,"880":0,"881":0,"882":0,"883":0,"884":0,"885":0,"886":0,"887":0,"888":0,"889":0,"890":0,"891":0,"892":0,"893":0,"894":0,"895":0,"896":0,"897":0,"898":0,"899":0,"900":0,"901":0,"902":0,"903":0,"904":0,"905":0,"906":1,"907":0,"908":0,"909":0,"910":0,"911":0,"912":0,"913":0,"914":0,"915":0,"916":0,"917":0,"918":0,"919":0,"920":0,"921":0,"922":0,"923":0,"924":0,"925":0,"926":0,"927":0,"928":0,"929":0,"930":0,"931":0,"932":0,"933":0,"934":0,"935":0,"936":0,"937":0,"938":0,"939":0,"940":0,"941":0,"942":1,"943":1,"944":0,"945":0,"946":0,"947":0,"948":0,"949":0,"950":1,"951":0,"952":0,"953":0,"954":1,"955":0,"956":0,"957":0,"958":0,"959":0,"960":0,"961":0,"962":0,"963":0,"964":0,"965":0,"966":0,"967":0,"968":0,"969":0,"970":0,"971":0,"972":0,"973":0,"974":0,"975":0,"976":0,"977":0,"978":0,"979":0,"980":0,"981":0,"982":0,"983":0,"984":0,"985":0,"986":0,"987":0,"988":0,"989":0,"990":0,"991":0,"992":0,"993":0,"994":0,"995":0,"996":0,"997":0,"998":0,"999":0,"1000":0,"1001":0,"1002":1,"1003":0,"1004":0,"1005":0,"1006":0,"1007":1,"1008":0,"1009":0,"1010":0,"1011":0,"1012":0,"1013":0,"1014":0,"1015":0,"1016":0,"1017":0,"1018":0,"1019":1,"1020":0,"1021":1,"1022":0,"1023":0,"1024":0,"1025":0,"1026":0,"1027":1,"1028":0,"1029":1,"1030":0},"b":{"1":[0,1],"2":[1,0,0],"3":[0,0],"4":[0,0],"5":[0,0],"6":[0,1],"7":[1,1,1],"8":[0,0],"9":[0,0],"10":[0,0],"11":[0,0],"12":[0,0],"13":[0,0],"14":[0,0],"15":[0,0],"16":[0,0],"17":[0,0],"18":[0,0],"19":[0,0],"20":[0,0],"21":[0,0],"22":[0,0],"23":[0,0],"24":[0,0],"25":[0,0],"26":[0,0],"27":[0,0],"28":[0,0],"29":[0,0],"30":[0,0],"31":[0,0],"32":[0,0],"33":[0,0],"34":[0,0],"35":[0,0],"36":[0,0],"37":[0,0],"38":[0,0],"39":[0,0],"40":[0,0],"41":[0,0],"42":[0,0],"43":[0,0],"44":[0,0],"45":[0,0],"46":[0,0],"47":[0,0,0,0,0,0,0,0,0,0,0,0],"48":[0,0],"49":[0,0],"50":[0,0],"51":[0,0],"52":[0,0],"53":[0,0],"54":[0,0],"55":[0,0],"56":[0,0],"57":[0,0,0,0,0,0,0,0,0,0,0,0,0],"58":[0,0],"59":[0,0],"60":[0,0],"61":[0,0],"62":[0,0],"63":[0,0],"64":[0,0],"65":[0,0],"66":[0,0],"67":[0,0,0,0,0,0,0,0,0,0,0,0],"68":[0,0],"69":[0,0],"70":[0,0],"71":[0,0],"72":[0,0],"73":[0,0],"74":[0,0],"75":[0,0],"76":[0,0],"77":[0,0],"78":[0,0],"79":[0,0],"80":[0,0],"81":[0,0],"82":[0,0],"83":[0,0],"84":[0,0],"85":[0,0,0,0],"86":[0,0],"87":[0,0],"88":[0,0],"89":[0,0],"90":[0,0],"91":[0,0],"92":[0,0],"93":[0,0],"94":[0,0],"95":[0,0],"96":[0,0],"97":[0,0],"98":[0,0],"99":[0,0],"100":[0,0],"101":[0,0],"102":[0,0],"103":[0,0],"104":[0,0],"105":[0,0],"106":[0,0],"107":[0,0],"108":[0,0],"109":[0,0],"110":[0,0],"111":[0,0],"112":[0,0],"113":[0,0,0,0],"114":[0,0],"115":[0,0],"116":[0,0],"117":[0,0],"118":[0,0],"119":[0,0],"120":[0,0],"121":[0,0],"122":[0,0],"123":[0,0],"124":[0,0],"125":[0,0],"126":[0,0],"127":[0,0],"128":[0,0],"129":[0,0],"130":[0,0],"131":[0,0],"132":[0,0],"133":[0,0],"134":[0,0],"135":[0,0],"136":[0,0],"137":[0,0],"138":[0,0],"139":[0,0],"140":[0,0],"141":[0,0,0,0],"142":[0,0],"143":[0,0,0,0,0,0,0,0,0,0,0,0],"144":[0,0],"145":[0,0],"146":[0,0],"147":[0,0],"148":[0,0],"149":[0,0],"150":[0,0],"151":[0,0],"152":[0,0,0,0],"153":[0,0],"154":[0,0],"155":[0,0],"156":[0,0],"157":[0,0],"158":[0,0],"159":[0,0,0],"160":[0,0],"161":[0,0,0],"162":[0,0],"163":[0,0],"164":[0,0],"165":[0,0],"166":[0,0],"167":[0,0],"168":[0,0],"169":[0,0],"170":[0,0,0],"171":[0,0],"172":[0,0],"173":[0,0],"174":[0,0],"175":[0,0],"176":[0,0],"177":[0,0],"178":[0,0],"179":[0,0],"180":[0,0],"181":[0,0],"182":[0,0],"183":[0,0],"184":[0,0],"185":[0,0],"186":[0,0],"187":[0,0],"188":[0,0],"189":[0,0],"190":[0,0],"191":[0,0],"192":[0,0],"193":[0,0],"194":[0,0],"195":[0,0],"196":[0,0],"197":[0,0],"198":[0,0],"199":[0,0],"200":[0,0],"201":[0,0],"202":[0,0],"203":[0,0],"204":[0,0],"205":[0,0],"206":[0,0],"207":[0,0],"208":[0,0],"209":[0,0],"210":[0,0],"211":[0,0],"212":[0,0],"213":[0,0],"214":[0,0],"215":[0,0],"216":[0,0],"217":[0,0],"218":[0,0],"219":[0,0],"220":[0,0],"221":[0,0],"222":[0,0],"223":[0,0],"224":[0,0],"225":[0,0,0],"226":[0,0],"227":[0,0],"228":[0,0],"229":[0,0,0],"230":[0,0],"231":[0,0],"232":[0,0],"233":[0,0],"234":[0,0],"235":[0,0],"236":[0,0],"237":[0,0],"238":[0,0],"239":[0,0],"240":[0,0],"241":[0,0],"242":[0,0],"243":[0,0],"244":[0,0],"245":[0,0],"246":[0,0],"247":[0,0],"248":[0,0],"249":[0,0],"250":[0,0],"251":[0,0],"252":[0,0],"253":[0,0],"254":[0,0],"255":[0,0],"256":[0,0],"257":[0,0],"258":[0,0,0],"259":[0,0],"260":[0,0],"261":[0,0],"262":[0,0],"263":[0,0],"264":[0,0],"265":[0,0],"266":[0,0],"267":[0,0],"268":[0,0],"269":[0,0],"270":[0,0],"271":[0,0,0],"272":[0,0],"273":[0,0],"274":[0,0],"275":[0,0],"276":[0,0],"277":[0,0],"278":[0,0],"279":[0,0],"280":[0,0],"281":[0,0],"282":[0,0],"283":[0,0],"284":[0,0],"285":[0,0],"286":[0,0],"287":[0,0],"288":[0,0],"289":[0,0],"290":[0,0],"291":[0,0],"292":[0,0],"293":[0,0],"294":[0,0],"295":[0,0],"296":[0,0],"297":[0,0],"298":[0,0],"299":[0,0],"300":[0,0],"301":[0,0],"302":[0,0]},"f":{"1":1,"2":1,"3":0,"4":0,"5":0,"6":0,"7":0,"8":0,"9":0,"10":0,"11":0,"12":0,"13":0,"14":0,"15":0,"16":0,"17":0,"18":0,"19":0,"20":0,"21":0,"22":0,"23":0,"24":0,"25":0,"26":0,"27":0,"28":0,"29":0,"30":0,"31":0,"32":0,"33":0,"34":0,"35":0,"36":0,"37":0,"38":0,"39":0,"40":0,"41":0,"42":0,"43":0,"44":0,"45":0,"46":0,"47":0,"48":0,"49":0,"50":0,"51":0,"52":0,"53":0,"54":0,"55":0,"56":0,"57":0,"58":0,"59":0,"60":0,"61":0,"62":0,"63":0,"64":0,"65":0,"66":0,"67":0,"68":0,"69":0,"70":0,"71":0,"72":0,"73":0,"74":0,"75":0,"76":0,"77":0,"78":0,"79":0,"80":0,"81":0,"82":0,"83":0,"84":0,"85":0,"86":0,"87":0,"88":0,"89":0,"90":0,"91":0,"92":0,"93":0,"94":0,"95":0,"96":0,"97":0,"98":0,"99":0,"100":0,"101":0,"102":0,"103":0,"104":0,"105":0,"106":0},"fnMap":{"1":{"name":"typedArraySupport","line":45,"loc":{"start":{"line":45,"column":0},"end":{"line":45,"column":30}}},"2":{"name":"(anonymous_2)","line":49,"loc":{"start":{"line":49,"column":59},"end":{"line":49,"column":71}}},"3":{"name":"createBuffer","line":56,"loc":{"start":{"line":56,"column":0},"end":{"line":56,"column":31}}},"4":{"name":"Buffer","line":76,"loc":{"start":{"line":76,"column":0},"end":{"line":76,"column":48}}},"5":{"name":"from","line":102,"loc":{"start":{"line":102,"column":0},"end":{"line":102,"column":48}}},"6":{"name":"(anonymous_6)","line":126,"loc":{"start":{"line":126,"column":14},"end":{"line":126,"column":57}}},"7":{"name":"assertSize","line":135,"loc":{"start":{"line":135,"column":0},"end":{"line":135,"column":27}}},"8":{"name":"alloc","line":143,"loc":{"start":{"line":143,"column":0},"end":{"line":143,"column":38}}},"9":{"name":"(anonymous_9)","line":163,"loc":{"start":{"line":163,"column":15},"end":{"line":163,"column":47}}},"10":{"name":"allocUnsafe","line":167,"loc":{"start":{"line":167,"column":0},"end":{"line":167,"column":28}}},"11":{"name":"(anonymous_11)","line":175,"loc":{"start":{"line":175,"column":21},"end":{"line":175,"column":37}}},"12":{"name":"(anonymous_12)","line":181,"loc":{"start":{"line":181,"column":25},"end":{"line":181,"column":41}}},"13":{"name":"fromString","line":185,"loc":{"start":{"line":185,"column":0},"end":{"line":185,"column":39}}},"14":{"name":"fromArrayLike","line":209,"loc":{"start":{"line":209,"column":0},"end":{"line":209,"column":31}}},"15":{"name":"fromArrayBuffer","line":218,"loc":{"start":{"line":218,"column":0},"end":{"line":218,"column":53}}},"16":{"name":"fromObject","line":241,"loc":{"start":{"line":241,"column":0},"end":{"line":241,"column":26}}},"17":{"name":"checked","line":270,"loc":{"start":{"line":270,"column":0},"end":{"line":270,"column":26}}},"18":{"name":"SlowBuffer","line":280,"loc":{"start":{"line":280,"column":0},"end":{"line":280,"column":29}}},"19":{"name":"isBuffer","line":287,"loc":{"start":{"line":287,"column":18},"end":{"line":287,"column":40}}},"20":{"name":"compare","line":291,"loc":{"start":{"line":291,"column":17},"end":{"line":291,"column":41}}},"21":{"name":"isEncoding","line":314,"loc":{"start":{"line":314,"column":20},"end":{"line":314,"column":51}}},"22":{"name":"concat","line":333,"loc":{"start":{"line":333,"column":16},"end":{"line":333,"column":47}}},"23":{"name":"byteLength","line":363,"loc":{"start":{"line":363,"column":0},"end":{"line":363,"column":39}}},"24":{"name":"slowToString","line":407,"loc":{"start":{"line":407,"column":0},"end":{"line":407,"column":45}}},"25":{"name":"swap","line":485,"loc":{"start":{"line":485,"column":0},"end":{"line":485,"column":24}}},"26":{"name":"swap16","line":491,"loc":{"start":{"line":491,"column":26},"end":{"line":491,"column":45}}},"27":{"name":"swap32","line":502,"loc":{"start":{"line":502,"column":26},"end":{"line":502,"column":45}}},"28":{"name":"swap64","line":514,"loc":{"start":{"line":514,"column":26},"end":{"line":514,"column":45}}},"29":{"name":"toString","line":528,"loc":{"start":{"line":528,"column":28},"end":{"line":528,"column":49}}},"30":{"name":"equals","line":535,"loc":{"start":{"line":535,"column":26},"end":{"line":535,"column":46}}},"31":{"name":"inspect","line":541,"loc":{"start":{"line":541,"column":27},"end":{"line":541,"column":47}}},"32":{"name":"compare","line":551,"loc":{"start":{"line":551,"column":27},"end":{"line":551,"column":85}}},"33":{"name":"bidirectionalIndexOf","line":619,"loc":{"start":{"line":619,"column":0},"end":{"line":619,"column":71}}},"34":{"name":"arrayIndexOf","line":675,"loc":{"start":{"line":675,"column":0},"end":{"line":675,"column":60}}},"35":{"name":"read","line":694,"loc":{"start":{"line":694,"column":2},"end":{"line":694,"column":25}}},"36":{"name":"includes","line":731,"loc":{"start":{"line":731,"column":28},"end":{"line":731,"column":74}}},"37":{"name":"indexOf","line":735,"loc":{"start":{"line":735,"column":27},"end":{"line":735,"column":72}}},"38":{"name":"lastIndexOf","line":739,"loc":{"start":{"line":739,"column":31},"end":{"line":739,"column":80}}},"39":{"name":"hexWrite","line":743,"loc":{"start":{"line":743,"column":0},"end":{"line":743,"column":48}}},"40":{"name":"utf8Write","line":770,"loc":{"start":{"line":770,"column":0},"end":{"line":770,"column":49}}},"41":{"name":"asciiWrite","line":774,"loc":{"start":{"line":774,"column":0},"end":{"line":774,"column":50}}},"42":{"name":"latin1Write","line":778,"loc":{"start":{"line":778,"column":0},"end":{"line":778,"column":51}}},"43":{"name":"base64Write","line":782,"loc":{"start":{"line":782,"column":0},"end":{"line":782,"column":51}}},"44":{"name":"ucs2Write","line":786,"loc":{"start":{"line":786,"column":0},"end":{"line":786,"column":49}}},"45":{"name":"write","line":790,"loc":{"start":{"line":790,"column":25},"end":{"line":790,"column":75}}},"46":{"name":"toJSON","line":861,"loc":{"start":{"line":861,"column":26},"end":{"line":861,"column":45}}},"47":{"name":"base64Slice","line":868,"loc":{"start":{"line":868,"column":0},"end":{"line":868,"column":39}}},"48":{"name":"utf8Slice","line":876,"loc":{"start":{"line":876,"column":0},"end":{"line":876,"column":37}}},"49":{"name":"decodeCodePointsArray","line":954,"loc":{"start":{"line":954,"column":0},"end":{"line":954,"column":44}}},"50":{"name":"asciiSlice","line":972,"loc":{"start":{"line":972,"column":0},"end":{"line":972,"column":38}}},"51":{"name":"latin1Slice","line":982,"loc":{"start":{"line":982,"column":0},"end":{"line":982,"column":39}}},"52":{"name":"hexSlice","line":992,"loc":{"start":{"line":992,"column":0},"end":{"line":992,"column":36}}},"53":{"name":"utf16leSlice","line":1005,"loc":{"start":{"line":1005,"column":0},"end":{"line":1005,"column":40}}},"54":{"name":"slice","line":1014,"loc":{"start":{"line":1014,"column":25},"end":{"line":1014,"column":53}}},"55":{"name":"checkOffset","line":1044,"loc":{"start":{"line":1044,"column":0},"end":{"line":1044,"column":43}}},"56":{"name":"readUIntLE","line":1049,"loc":{"start":{"line":1049,"column":30},"end":{"line":1049,"column":81}}},"57":{"name":"readUIntBE","line":1064,"loc":{"start":{"line":1064,"column":30},"end":{"line":1064,"column":81}}},"58":{"name":"readUInt8","line":1080,"loc":{"start":{"line":1080,"column":29},"end":{"line":1080,"column":67}}},"59":{"name":"readUInt16LE","line":1086,"loc":{"start":{"line":1086,"column":32},"end":{"line":1086,"column":73}}},"60":{"name":"readUInt16BE","line":1092,"loc":{"start":{"line":1092,"column":32},"end":{"line":1092,"column":73}}},"61":{"name":"readUInt32LE","line":1098,"loc":{"start":{"line":1098,"column":32},"end":{"line":1098,"column":73}}},"62":{"name":"readUInt32BE","line":1108,"loc":{"start":{"line":1108,"column":32},"end":{"line":1108,"column":73}}},"63":{"name":"readIntLE","line":1118,"loc":{"start":{"line":1118,"column":29},"end":{"line":1118,"column":79}}},"64":{"name":"readIntBE","line":1136,"loc":{"start":{"line":1136,"column":29},"end":{"line":1136,"column":79}}},"65":{"name":"readInt8","line":1154,"loc":{"start":{"line":1154,"column":28},"end":{"line":1154,"column":65}}},"66":{"name":"readInt16LE","line":1161,"loc":{"start":{"line":1161,"column":31},"end":{"line":1161,"column":71}}},"67":{"name":"readInt16BE","line":1168,"loc":{"start":{"line":1168,"column":31},"end":{"line":1168,"column":71}}},"68":{"name":"readInt32LE","line":1175,"loc":{"start":{"line":1175,"column":31},"end":{"line":1175,"column":71}}},"69":{"name":"readInt32BE","line":1185,"loc":{"start":{"line":1185,"column":31},"end":{"line":1185,"column":71}}},"70":{"name":"readFloatLE","line":1195,"loc":{"start":{"line":1195,"column":31},"end":{"line":1195,"column":71}}},"71":{"name":"readFloatBE","line":1201,"loc":{"start":{"line":1201,"column":31},"end":{"line":1201,"column":71}}},"72":{"name":"readDoubleLE","line":1207,"loc":{"start":{"line":1207,"column":32},"end":{"line":1207,"column":73}}},"73":{"name":"readDoubleBE","line":1213,"loc":{"start":{"line":1213,"column":32},"end":{"line":1213,"column":73}}},"74":{"name":"checkInt","line":1219,"loc":{"start":{"line":1219,"column":0},"end":{"line":1219,"column":54}}},"75":{"name":"writeUIntLE","line":1225,"loc":{"start":{"line":1225,"column":31},"end":{"line":1225,"column":90}}},"76":{"name":"writeUIntBE","line":1244,"loc":{"start":{"line":1244,"column":31},"end":{"line":1244,"column":90}}},"77":{"name":"writeUInt8","line":1263,"loc":{"start":{"line":1263,"column":30},"end":{"line":1263,"column":76}}},"78":{"name":"writeUInt16LE","line":1271,"loc":{"start":{"line":1271,"column":33},"end":{"line":1271,"column":82}}},"79":{"name":"writeUInt16BE","line":1280,"loc":{"start":{"line":1280,"column":33},"end":{"line":1280,"column":82}}},"80":{"name":"writeUInt32LE","line":1289,"loc":{"start":{"line":1289,"column":33},"end":{"line":1289,"column":82}}},"81":{"name":"writeUInt32BE","line":1300,"loc":{"start":{"line":1300,"column":33},"end":{"line":1300,"column":82}}},"82":{"name":"writeIntLE","line":1311,"loc":{"start":{"line":1311,"column":30},"end":{"line":1311,"column":88}}},"83":{"name":"writeIntBE","line":1334,"loc":{"start":{"line":1334,"column":30},"end":{"line":1334,"column":88}}},"84":{"name":"writeInt8","line":1357,"loc":{"start":{"line":1357,"column":29},"end":{"line":1357,"column":74}}},"85":{"name":"writeInt16LE","line":1366,"loc":{"start":{"line":1366,"column":32},"end":{"line":1366,"column":80}}},"86":{"name":"writeInt16BE","line":1375,"loc":{"start":{"line":1375,"column":32},"end":{"line":1375,"column":80}}},"87":{"name":"writeInt32LE","line":1384,"loc":{"start":{"line":1384,"column":32},"end":{"line":1384,"column":80}}},"88":{"name":"writeInt32BE","line":1395,"loc":{"start":{"line":1395,"column":32},"end":{"line":1395,"column":80}}},"89":{"name":"checkIEEE754","line":1407,"loc":{"start":{"line":1407,"column":0},"end":{"line":1407,"column":58}}},"90":{"name":"writeFloat","line":1412,"loc":{"start":{"line":1412,"column":0},"end":{"line":1412,"column":65}}},"91":{"name":"writeFloatLE","line":1422,"loc":{"start":{"line":1422,"column":32},"end":{"line":1422,"column":80}}},"92":{"name":"writeFloatBE","line":1426,"loc":{"start":{"line":1426,"column":32},"end":{"line":1426,"column":80}}},"93":{"name":"writeDouble","line":1430,"loc":{"start":{"line":1430,"column":0},"end":{"line":1430,"column":66}}},"94":{"name":"writeDoubleLE","line":1440,"loc":{"start":{"line":1440,"column":33},"end":{"line":1440,"column":82}}},"95":{"name":"writeDoubleBE","line":1444,"loc":{"start":{"line":1444,"column":33},"end":{"line":1444,"column":82}}},"96":{"name":"copy","line":1449,"loc":{"start":{"line":1449,"column":24},"end":{"line":1449,"column":72}}},"97":{"name":"fill","line":1501,"loc":{"start":{"line":1501,"column":24},"end":{"line":1501,"column":66}}},"98":{"name":"base64clean","line":1565,"loc":{"start":{"line":1565,"column":0},"end":{"line":1565,"column":27}}},"99":{"name":"toHex","line":1577,"loc":{"start":{"line":1577,"column":0},"end":{"line":1577,"column":19}}},"100":{"name":"utf8ToBytes","line":1582,"loc":{"start":{"line":1582,"column":0},"end":{"line":1582,"column":37}}},"101":{"name":"asciiToBytes","line":1662,"loc":{"start":{"line":1662,"column":0},"end":{"line":1662,"column":28}}},"102":{"name":"utf16leToBytes","line":1671,"loc":{"start":{"line":1671,"column":0},"end":{"line":1671,"column":37}}},"103":{"name":"base64ToBytes","line":1687,"loc":{"start":{"line":1687,"column":0},"end":{"line":1687,"column":29}}},"104":{"name":"blitBuffer","line":1691,"loc":{"start":{"line":1691,"column":0},"end":{"line":1691,"column":47}}},"105":{"name":"isArrayBufferView","line":1700,"loc":{"start":{"line":1700,"column":0},"end":{"line":1700,"column":33}}},"106":{"name":"numberIsNaN","line":1704,"loc":{"start":{"line":1704,"column":0},"end":{"line":1704,"column":27}}}},"statementMap":{"1":{"start":{"line":11,"column":0},"end":{"line":11,"column":33}},"2":{"start":{"line":12,"column":0},"end":{"line":12,"column":32}},"3":{"start":{"line":14,"column":0},"end":{"line":14,"column":23}},"4":{"start":{"line":15,"column":0},"end":{"line":15,"column":31}},"5":{"start":{"line":16,"column":0},"end":{"line":16,"column":30}},"6":{"start":{"line":18,"column":0},"end":{"line":18,"column":29}},"7":{"start":{"line":19,"column":0},"end":{"line":19,"column":33}},"8":{"start":{"line":35,"column":0},"end":{"line":35,"column":48}},"9":{"start":{"line":37,"column":0},"end":{"line":43,"column":1}},"10":{"start":{"line":39,"column":2},"end":{"line":42,"column":3}},"11":{"start":{"line":45,"column":0},"end":{"line":54,"column":1}},"12":{"start":{"line":47,"column":2},"end":{"line":53,"column":3}},"13":{"start":{"line":48,"column":4},"end":{"line":48,"column":31}},"14":{"start":{"line":49,"column":4},"end":{"line":49,"column":85}},"15":{"start":{"line":49,"column":73},"end":{"line":49,"column":83}},"16":{"start":{"line":50,"column":4},"end":{"line":50,"column":27}},"17":{"start":{"line":52,"column":4},"end":{"line":52,"column":16}},"18":{"start":{"line":56,"column":0},"end":{"line":64,"column":1}},"19":{"start":{"line":57,"column":2},"end":{"line":59,"column":3}},"20":{"start":{"line":58,"column":4},"end":{"line":58,"column":54}},"21":{"start":{"line":61,"column":2},"end":{"line":61,"column":34}},"22":{"start":{"line":62,"column":2},"end":{"line":62,"column":34}},"23":{"start":{"line":63,"column":2},"end":{"line":63,"column":12}},"24":{"start":{"line":76,"column":0},"end":{"line":87,"column":1}},"25":{"start":{"line":78,"column":2},"end":{"line":85,"column":3}},"26":{"start":{"line":79,"column":4},"end":{"line":83,"column":5}},"27":{"start":{"line":80,"column":6},"end":{"line":82,"column":7}},"28":{"start":{"line":84,"column":4},"end":{"line":84,"column":27}},"29":{"start":{"line":86,"column":2},"end":{"line":86,"column":44}},"30":{"start":{"line":90,"column":0},"end":{"line":98,"column":1}},"31":{"start":{"line":92,"column":2},"end":{"line":97,"column":4}},"32":{"start":{"line":100,"column":0},"end":{"line":100,"column":22}},"33":{"start":{"line":102,"column":0},"end":{"line":116,"column":1}},"34":{"start":{"line":103,"column":2},"end":{"line":105,"column":3}},"35":{"start":{"line":104,"column":4},"end":{"line":104,"column":64}},"36":{"start":{"line":107,"column":2},"end":{"line":109,"column":3}},"37":{"start":{"line":108,"column":4},"end":{"line":108,"column":59}},"38":{"start":{"line":111,"column":2},"end":{"line":113,"column":3}},"39":{"start":{"line":112,"column":4},"end":{"line":112,"column":46}},"40":{"start":{"line":115,"column":2},"end":{"line":115,"column":26}},"41":{"start":{"line":126,"column":0},"end":{"line":128,"column":1}},"42":{"start":{"line":127,"column":2},"end":{"line":127,"column":46}},"43":{"start":{"line":132,"column":0},"end":{"line":132,"column":49}},"44":{"start":{"line":133,"column":0},"end":{"line":133,"column":29}},"45":{"start":{"line":135,"column":0},"end":{"line":141,"column":1}},"46":{"start":{"line":136,"column":2},"end":{"line":140,"column":3}},"47":{"start":{"line":137,"column":4},"end":{"line":137,"column":59}},"48":{"start":{"line":138,"column":9},"end":{"line":140,"column":3}},"49":{"start":{"line":139,"column":4},"end":{"line":139,"column":64}},"50":{"start":{"line":143,"column":0},"end":{"line":157,"column":1}},"51":{"start":{"line":144,"column":2},"end":{"line":144,"column":18}},"52":{"start":{"line":145,"column":2},"end":{"line":147,"column":3}},"53":{"start":{"line":146,"column":4},"end":{"line":146,"column":29}},"54":{"start":{"line":148,"column":2},"end":{"line":155,"column":3}},"55":{"start":{"line":152,"column":4},"end":{"line":154,"column":37}},"56":{"start":{"line":156,"column":2},"end":{"line":156,"column":27}},"57":{"start":{"line":163,"column":0},"end":{"line":165,"column":1}},"58":{"start":{"line":164,"column":2},"end":{"line":164,"column":36}},"59":{"start":{"line":167,"column":0},"end":{"line":170,"column":1}},"60":{"start":{"line":168,"column":2},"end":{"line":168,"column":18}},"61":{"start":{"line":169,"column":2},"end":{"line":169,"column":55}},"62":{"start":{"line":175,"column":0},"end":{"line":177,"column":1}},"63":{"start":{"line":176,"column":2},"end":{"line":176,"column":26}},"64":{"start":{"line":181,"column":0},"end":{"line":183,"column":1}},"65":{"start":{"line":182,"column":2},"end":{"line":182,"column":26}},"66":{"start":{"line":185,"column":0},"end":{"line":207,"column":1}},"67":{"start":{"line":186,"column":2},"end":{"line":188,"column":3}},"68":{"start":{"line":187,"column":4},"end":{"line":187,"column":21}},"69":{"start":{"line":190,"column":2},"end":{"line":192,"column":3}},"70":{"start":{"line":191,"column":4},"end":{"line":191,"column":69}},"71":{"start":{"line":194,"column":2},"end":{"line":194,"column":47}},"72":{"start":{"line":195,"column":2},"end":{"line":195,"column":32}},"73":{"start":{"line":197,"column":2},"end":{"line":197,"column":42}},"74":{"start":{"line":199,"column":2},"end":{"line":204,"column":3}},"75":{"start":{"line":203,"column":4},"end":{"line":203,"column":30}},"76":{"start":{"line":206,"column":2},"end":{"line":206,"column":12}},"77":{"start":{"line":209,"column":0},"end":{"line":216,"column":1}},"78":{"start":{"line":210,"column":2},"end":{"line":210,"column":63}},"79":{"start":{"line":211,"column":2},"end":{"line":211,"column":32}},"80":{"start":{"line":212,"column":2},"end":{"line":214,"column":3}
[...]
>> 24)","  this[offset + 2] = (value >>> 16)","  this[offset + 1] = (value >>> 8)","  this[offset] = (value & 0xff)","  return offset + 4","}","","Buffer.prototype.writeUInt32BE = function writeUInt32BE (value, offset, noAssert) {","  value = +value","  offset = offset >>> 0","  if (!noAssert) checkInt(this, value, offset, 4, 0xffffffff, 0)","  this[offset] = (value >>> 24)","  this[offset + 1] = (value >>> 16)","  this[offset + 2] = (value >>> 8)","  this[offset + 3] = (value & 0xff)","  return offset + 4","}","","Buffer.prototype.writeIntLE = function writeIntLE (value, offset, byteLength, noAssert) {","  value = +value","  offset = offset >>> 0","  if (!noAssert) {","    var limit = Math.pow(2, (8 * byteLength) - 1)","","    checkInt(this, value, offset, byteLength, limit - 1, -limit)","  }","","  var i = 0","  var mul = 1","  var sub = 0","  this[offset] = value & 0xFF","  while (++i < byteLength && (mul *= 0x100)) {","    if (value < 0 && sub === 0 && this[offset + i - 1] !== 0) {","      sub = 1","    }","    this[offset + i] = ((value / mul) >> 0) - sub & 0xFF","  }","","  return offset + byteLength","}","","Buffer.prototype.writeIntBE = function writeIntBE (value, offset, byteLength, noAssert) {","  value = +value","  offset = offset >>> 0","  if (!noAssert) {","    var limit = Math.pow(2, (8 * byteLength) - 1)","","    checkInt(this, value, offset, byteLength, limit - 1, -limit)","  }","","  var i = byteLength - 1","  var mul = 1","  var sub = 0","  this[offset + i] = value & 0xFF","  while (--i >= 0 && (mul *= 0x100)) {","    if (value < 0 && sub === 0 && this[offset + i + 1] !== 0) {","      sub = 1","    }","    this[offset + i] = ((value / mul) >> 0) - sub & 0xFF","  }","","  return offset + byteLength","}","","Buffer.prototype.writeInt8 = function writeInt8 (value, offset, noAssert) {","  value = +value","  offset = offset >>> 0","  if (!noAssert) checkInt(this, value, offset, 1, 0x7f, -0x80)","  if (value < 0) value = 0xff + value + 1","  this[offset] = (value & 0xff)","  return offset + 1","}","","Buffer.prototype.writeInt16LE = function writeInt16LE (value, offset, noAssert) {","  value = +value","  offset = offset >>> 0","  if (!noAssert) checkInt(this, value, offset, 2, 0x7fff, -0x8000)","  this[offset] = (value & 0xff)","  this[offset + 1] = (value >>> 8)","  return offset + 2","}","","Buffer.prototype.writeInt16BE = function writeInt16BE (value, offset, noAssert) {","  value = +value","  offset = offset >>> 0","  if (!noAssert) checkInt(this, value, offset, 2, 0x7fff, -0x8000)","  this[offset] = (value >>> 8)","  this[offset + 1] = (value & 0xff)","  return offset + 2","}","","Buffer.prototype.writeInt32LE = function writeInt32LE (value, offset, noAssert) {","  value = +value","  offset = offset >>> 0","  if (!noAssert) checkInt(this, value, offset, 4, 0x7fffffff, -0x80000000)","  this[offset] = (value & 0xff)","  this[offset + 1] = (value >>> 8)","  this[offset + 2] = (value >>> 16)","  this[offset + 3] = (value >>> 24)","  return offset + 4","}","","Buffer.prototype.writeInt32BE = function writeInt32BE (value, offset, noAssert) {","  value = +value","  offset = offset >>> 0","  if (!noAssert) checkInt(this, value, offset, 4, 0x7fffffff, -0x80000000)","  if (value < 0) value = 0xffffffff + value + 1","  this[offset] = (value >>> 24)","  this[offset + 1] = (value >>> 16)","  this[offset + 2] = (value >>> 8)","  this[offset + 3] = (value & 0xff)","  return offset + 4","}","","function checkIEEE754 (buf, value, offset, ext, max, min) {","  if (offset + ext > buf.length) throw new RangeError('Index out of range')","  if (offset < 0) throw new RangeError('Index out of range')","}","","function writeFloat (buf, value, offset, littleEndian, noAssert) {","  value = +value","  offset = offset >>> 0","  if (!noAssert) {","    checkIEEE754(buf, value, offset, 4, 3.4028234663852886e+38, -3.4028234663852886e+38)","  }","  ieee754.write(buf, value, offset, littleEndian, 23, 4)","  return offset + 4","}","","Buffer.prototype.writeFloatLE = function writeFloatLE (value, offset, noAssert) {","  return writeFloat(this, value, offset, true, noAssert)","}","","Buffer.prototype.writeFloatBE = function writeFloatBE (value, offset, noAssert) {","  return writeFloat(this, value, offset, false, noAssert)","}","","function writeDouble (buf, value, offset, littleEndian, noAssert) {","  value = +value","  offset = offset >>> 0","  if (!noAssert) {","    checkIEEE754(buf, value, offset, 8, 1.7976931348623157E+308, -1.7976931348623157E+308)","  }","  ieee754.write(buf, value, offset, littleEndian, 52, 8)","  return offset + 8","}","","Buffer.prototype.writeDoubleLE = function writeDoubleLE (value, offset, noAssert) {","  return writeDouble(this, value, offset, true, noAssert)","}","","Buffer.prototype.writeDoubleBE = function writeDoubleBE (value, offset, noAssert) {","  return writeDouble(this, value, offset, false, noAssert)","}","","// copy(targetBuffer, targetStart=0, sourceStart=0, sourceEnd=buffer.length)","Buffer.prototype.copy = function copy (target, targetStart, start, end) {","  if (!start) start = 0","  if (!end && end !== 0) end = this.length","  if (targetStart >= target.length) targetStart = target.length","  if (!targetStart) targetStart = 0","  if (end > 0 && end < start) end = start","","  // Copy 0 bytes; we're done","  if (end === start) return 0","  if (target.length === 0 || this.length === 0) return 0","","  // Fatal error conditions","  if (targetStart < 0) {","    throw new RangeError('targetStart out of bounds')","  }","  if (start < 0 || start >= this.length) throw new RangeError('sourceStart out of bounds')","  if (end < 0) throw new RangeError('sourceEnd out of bounds')","","  // Are we oob?","  if (end > this.length) end = this.length","  if (target.length - targetStart < end - start) {","    end = target.length - targetStart + start","  }","","  var len = end - start","  var i","","  if (this === target && start < targetStart && targetStart < end) {","    // descending copy from end","    for (i = len - 1; i >= 0; --i) {","      target[i + targetStart] = this[i + start]","    }","  } else if (len < 1000) {","    // ascending copy from start","    for (i = 0; i < len; ++i) {","      target[i + targetStart] = this[i + start]","    }","  } else {","    Uint8Array.prototype.set.call(","      target,","      this.subarray(start, start + len),","      targetStart","    )","  }","","  return len","}","","// Usage:","//    buffer.fill(number[, offset[, end]])","//    buffer.fill(buffer[, offset[, end]])","//    buffer.fill(string[, offset[, end]][, encoding])","Buffer.prototype.fill = function fill (val, start, end, encoding) {","  // Handle string cases:","  if (typeof val === 'string') {","    if (typeof start === 'string') {","      encoding = start","      start = 0","      end = this.length","    } else if (typeof end === 'string') {","      encoding = end","      end = this.length","    }","    if (val.length === 1) {","      var code = val.charCodeAt(0)","      if (code < 256) {","        val = code","      }","    }","    if (encoding !== undefined && typeof encoding !== 'string') {","      throw new TypeError('encoding must be a string')","    }","    if (typeof encoding === 'string' && !Buffer.isEncoding(encoding)) {","      throw new TypeError('Unknown encoding: ' + encoding)","    }","  } else if (typeof val === 'number') {","    val = val & 255","  }","","  // Invalid ranges are not set to a default, so can range check early.","  if (start < 0 || this.length < start || this.length < end) {","    throw new RangeError('Out of range index')","  }","","  if (end <= start) {","    return this","  }","","  start = start >>> 0","  end = end === undefined ? this.length : end >>> 0","","  if (!val) val = 0","","  var i","  if (typeof val === 'number') {","    for (i = start; i < end; ++i) {","      this[i] = val","    }","  } else {","    var bytes = Buffer.isBuffer(val)","      ? val","      : new Buffer(val, encoding)","    var len = bytes.length","    for (i = 0; i < end - start; ++i) {","      this[i + start] = bytes[i % len]","    }","  }","","  return this","}","","// HELPER FUNCTIONS","// ================","","var INVALID_BASE64_RE = /[^+/0-9A-Za-z-_]/g","","function base64clean (str) {","  // Node strips out invalid characters like \\n and \\t from the string, base64-js does not","  str = str.trim().replace(INVALID_BASE64_RE, '')","  // Node converts strings with length < 2 to ''","  if (str.length < 2) return ''","  // Node allows for non-padded base64 strings (missing trailing ===), base64-js does not","  while (str.length % 4 !== 0) {","    str = str + '='","  }","  return str","}","","function toHex (n) {","  if (n < 16) return '0' + n.toString(16)","  return n.toString(16)","}","","function utf8ToBytes (string, units) {","  units = units || Infinity","  var codePoint","  var length = string.length","  var leadSurrogate = null","  var bytes = []","","  for (var i = 0; i < length; ++i) {","    codePoint = string.charCodeAt(i)","","    // is surrogate component","    if (codePoint > 0xD7FF && codePoint < 0xE000) {","      // last char was a lead","      if (!leadSurrogate) {","        // no lead yet","        if (codePoint > 0xDBFF) {","          // unexpected trail","          if ((units -= 3) > -1) bytes.push(0xEF, 0xBF, 0xBD)","          continue","        } else if (i + 1 === length) {","          // unpaired lead","          if ((units -= 3) > -1) bytes.push(0xEF, 0xBF, 0xBD)","          continue","        }","","        // valid lead","        leadSurrogate = codePoint","","        continue","      }","","      // 2 leads in a row","      if (codePoint < 0xDC00) {","        if ((units -= 3) > -1) bytes.push(0xEF, 0xBF, 0xBD)","        leadSurrogate = codePoint","        continue","      }","","      // valid surrogate pair","      codePoint = (leadSurrogate - 0xD800 << 10 | codePoint - 0xDC00) + 0x10000","    } else if (leadSurrogate) {","      // valid bmp char, but last char was a lead","      if ((units -= 3) > -1) bytes.push(0xEF, 0xBF, 0xBD)","    }","","    leadSurrogate = null","","    // encode utf8","    if (codePoint < 0x80) {","      if ((units -= 1) < 0) break","      bytes.push(codePoint)","    } else if (codePoint < 0x800) {","      if ((units -= 2) < 0) break","      bytes.push(","        codePoint >> 0x6 | 0xC0,","        codePoint & 0x3F | 0x80","      )","    } else if (codePoint < 0x10000) {","      if ((units -= 3) < 0) break","      bytes.push(","        codePoint >> 0xC | 0xE0,","        codePoint >> 0x6 & 0x3F | 0x80,","        codePoint & 0x3F | 0x80","      )","    } else if (codePoint < 0x110000) {","      if ((units -= 4) < 0) break","      bytes.push(","        codePoint >> 0x12 | 0xF0,","        codePoint >> 0xC & 0x3F | 0x80,","        codePoint >> 0x6 & 0x3F | 0x80,","        codePoint & 0x3F | 0x80","      )","    } else {","      throw new Error('Invalid code point')","    }","  }","","  return bytes","}","","function asciiToBytes (str) {","  var byteArray = []","  for (var i = 0; i < str.length; ++i) {","    // Node's code seems to be doing this and not & 0x7F..","    byteArray.push(str.charCodeAt(i) & 0xFF)","  }","  return byteArray","}","","function utf16leToBytes (str, units) {","  var c, hi, lo","  var byteArray = []","  for (var i = 0; i < str.length; ++i) {","    if ((units -= 2) < 0) break","","    c = str.charCodeAt(i)","    hi = c >> 8","    lo = c % 256","    byteArray.push(lo)","    byteArray.push(hi)","  }","","  return byteArray","}","","function base64ToBytes (str) {","  return base64.toByteArray(base64clean(str))","}","","function blitBuffer (src, dst, offset, length) {","  for (var i = 0; i < length; ++i) {","    if ((i + offset >= dst.length) || (i >= src.length)) break","    dst[i + offset] = src[i]","  }","  return i","}","","// Node 0.10 supports `ArrayBuffer` but lacks `ArrayBuffer.isView`","function isArrayBufferView (obj) {","  return (typeof ArrayBuffer.isView === 'function') && ArrayBuffer.isView(obj)","}","","function numberIsNaN (obj) {","  return obj !== obj // eslint-disable-line no-self-compare","}",""],"l":{"11":1,"12":1,"14":1,"15":1,"16":1,"18":1,"19":1,"35":1,"37":1,"39":0,"45":1,"47":1,"48":1,"49":1,"50":1,"52":0,"56":1,"57":0,"58":0,"61":0,"62":0,"63":0,"76":1,"78":0,"79":0,"80":0,"84":0,"86":0,"90":1,"92":0,"100":1,"102":1,"103":0,"104":0,"107":0,"108":0,"111":0,"112":0,"115":0,"126":1,"127":0,"132":1,"133":1,"135":1,"136":0,"137":0,"138":0,"139":0,"143":1,"144":0,"145":0,"146":0,"148":0,"152":0,"156":0,"163":1,"164":0,"167":1,"168":0,"169":0,"175":1,"176":0,"181":1,"182":0,"185":1,"186":0,"187":0,"190":0,"191":0,"194":0,"195":0,"197":0,"199":0,"203":0,"206":0,"209":1,"210":0,"211":0,"212":0,"213":0,"215":0,"218":1,"219":0,"220":0,"223":0,"224":0,"227":0,"228":0,"229":0,"230":0,"231":0,"233":0,"237":0,"238":0,"241":1,"242":0,"243":0,"244":0,"246":0,"247":0,"250":0,"251":0,"254":0,"255":0,"256":0,"257":0,"259":0,"262":0,"263":0,"267":0,"270":1,"273":0,"274":0,"277":0,"280":1,"281":0,"282":0,"284":0,"287":1,"288":0,"291":1,"292":0,"293":0,"296":0,"298":0,"299":0,"301":0,"302":0,"303":0,"304":0,"305":0,"309":0,"310":0,"311":0,"314":1,"315":0,"327":0,"329":0,"333":1,"334":0,"335":0,"338":0,"339":0,"342":0,"343":0,"344":0,"345":0,"346":0,"350":0,"351":0,"352":0,"353":0,"354":0,"355":0,"357":0,"358":0,"360":0,"363":1,"364":0,"365":0,"367":0,"368":0,"370":0,"371":0,"374":0,"375":0,"378":0,"379":0,"380":0,"384":0,"388":0,"393":0,"395":0,"397":0,"399":0,"400":0,"401":0,"405":1,"407":1,"408":0,"417":0,"418":0,"422":0,"423":0,"426":0,"427":0,"430":0,"431":0,"435":0,"436":0,"438":0,"439":0,"442":0,"444":0,"445":0,"447":0,"451":0,"454":0,"458":0,"461":0,"467":0,"470":0,"471":0,"472":0,"483":1,"485":1,"486":0,"487":0,"488":0,"491":1,"492":0,"493":0,"494":0,"496":0,"497":0,"499":0,"502":1,"503":0,"504":0,"505":0,"507":0,"508":0,"509":0,"511":0,"514":1,"515":0,"516":0,"517":0,"519":0,"520":0,"521":0,"522":0,"523":0,"525":0,"528":1,"529":0,"530":0,"531":0,"532":0,"535":1,"536":0,"537":0,"538":0,"541":1,"542":0,"543":0,"544":0,"545":0,"546":0,"548":0,"551":1,"552":0,"553":0,"556":0,"557":0,"559":0,"560":0,"562":0,"563":0,"565":0,"566":0,"569":0,"570":0,"573":0,"574":0,"576":0,"577":0,"579":0,"580":0,"583":0,"584":0,"585":0,"586":0,"588":0,"590":0,"591":0,"592":0,"594":0,"595":0,"597":0,"598":0,"599":0,"600":0,"601":0,"605":0,"606":0,"607":0,"619":1,"621":0,"624":0,"625":0,"626":0,"627":0,"628":0,"629":0,"630":0,"632":0,"633":0,"635":0,"639":0,"640":0,"641":0,"642":0,"643":0,"644":0,"645":0,"649":0,"650":0,"654":0,"656":0,"657":0,"659":0,"660":0,"661":0,"662":0,"663":0,"664":0,"666":0,"669":0,"672":0,"675":1,"676":0,"677":0,"678":0,"680":0,"681":0,"682":0,"684":0,"685":0,"687":0,"688":0,"689":0,"690":0,"694":1,"695":0,"696":0,"698":0,"702":0,"703":0,"704":0,"705":0,"706":0,"707":0,"708":0,"710":0,"711":0,"715":0,"716":0,"717":0,"718":0,"719":0,"720":0,"721":0,"724":0,"728":0,"731":1,"732":0,"735":1,"736":0,"739":1,"740":0,"743":1,"744":0,"745":0,"746":0,"747":0,"749":0,"750":0,"751":0,"756":0,"757":0,"759":0,"760":0,"762":0,"763":0,"764":0,"765":0,"767":0,"770":1,"771":0,"774":1,"775":0,"778":1,"779":0,"782":1,"783":0,"786":1,"787":0,"790":1,"792":0,"793":0,"794":0,"795":0,"797":0,"798":0,"799":0,"800":0,"802":0,"803":0,"804":0,"805":0,"806":0,"808":0,"809":0,"812":0,"817":0,"818":0,"820":0,"821":0,"824":0,"826":0,"827":0,"828":0,"830":0,"834":0,"837":0,"841":0,"845":0,"851":0,"854":0,"855":0,"856":0,"861":1,"862":0,"868":1,"869":0,"870":0,"872":0,"876":1,"877":0,"878":0,"880":0,"881":0,"882":0,"883":0,"884":0,"889":0,"890":0,"892":0,"894":0,"895":0,"897":0,"899":0,"900":0,"901":0,"902":0,"903":0,"906":0,"908":0,"909":0,"910":0,"911":0,"912":0,"913":0,"916":0,"918":0,"919":0,"920":0,"921":0,"922":0,"923":0,"924":0,"930":0,"933":0,"934":0,"935":0,"937":0,"938":0,"939":0,"942":0,"943":0,"946":0,"952":1,"954":1,"955":0,"956":0,"957":0,"961":0,"962":0,"963":0,"964":0,"969":0,"972":1,"973":0,"974":0,"976":0,"977":0,"979":0,"982":1,"983":0,"984":0,"986":0,"987":0,"989":0,"992":1,"993":0,"995":0,"996":0,"998":0,"999":0,"1000":0,"1002":0,"1005":1,"1006":0,"1007":0,"1008":0,"1009":0,"1011":0,"1014":1,"1015":0,"1016":0,"1017":0,"1019":0,"1020":0,"1021":0,"1022":0,"1023":0,"1026":0,"1027":0,"1028":0,"1029":0,"1030":0,"1033":0,"1035":0,"1037":0,"1038":0,"1044":1,"1045":0,"1046":0,"1049":1,"1050":0,"1051":0,"1052":0,"1054":0,"1055":0,"1056":0,"1057":0,"1058":0,"1061":0,"1064":1,"1065":0,"1066":0,"1067":0,"1068":0,"1071":0,"1072":0,"1073":0,"1074":0,"1077":0,"1080":1,"1081":0,"1082":0,"1083":0,"1086":1,"1087":0,"1088":0,"1089":0,"1092":1,"1093":0,"1094":0,"1095":0,"1098":1,"1099":0,"1100":0,"1102":0,"1108":1,"1109":0,"1110":0,"1112":0,"1118":1,"1119":0,"1120":0,"1121":0,"1123":0,"1124":0,"1125":0,"1126":0,"1127":0,"1129":0,"1131":0,"1133":0,"1136":1,"1137":0,"1138":0,"1139":0,"1141":0,"1142":0,"1143":0,"1144":0,"1145":0,"1147":0,"1149":0,"1151":0,"1154":1,"1155":0,"1156":0,"1157":0,"1158":0,"1161":1,"1162":0,"1163":0,"1164":0,"1165":0,"1168":1,"1169":0,"1170":0,"1171":0,"1172":0,"1175":1,"1176":0,"1177":0,"1179":0,"1185":1,"1186":0,"1187":0,"1189":0,"1195":1,"1196":0,"1197":0,"1198":0,"1201":1,"1202":0,"1203":0,"1204":0,"1207":1,"1208":0,"1209":0,"1210":0,"1213":1,"1214":0,"1215":0,"1216":0,"1219":1,"1220":0,"1221":0,"1222":0,"1225":1,"1226":0,"1227":0,"1228":0,"1229":0,"1230":0,"1231":0,"1234":0,"1235":0,"1236":0,"1237":0,"1238":0,"1241":0,"1244":1,"1245":0,"1246":0,"1247":0,"1248":0,"1249":0,"1250":0,"1253":0,"1254":0,"1255":0,"1256":0,"1257":0,"1260":0,"1263":1,"1264":0,"1265":0,"1266":0,"1267":0,"1268":0,"1271":1,"1272":0,"1273":0,"1274":0,"1275":0,"1276":0,"1277":0,"1280":1,"1281":0,"1282":0,"1283":0,"1284":0,"1285":0,"1286":0,"1289":1,"1290":0,"1291":0,"1292":0,"1293":0,"1294":0,"1295":0,"1296":0,"1297":0,"1300":1,"1301":0,"1302":0,"1303":0,"1304":0,"1305":0,"1306":0,"1307":0,"1308":0,"1311":1,"1312":0,"1313":0,"1314":0,"1315":0,"1317":0,"1320":0,"1321":0,"1322":0,"1323":0,"1324":0,"1325":0,"1326":0,"1328":0,"1331":0,"1334":1,"1335":0,"1336":0,"1337":0,"1338":0,"1340":0,"1343":0,"1344":0,"1345":0,"1346":0,"1347":0,"1348":0,"1349":0,"1351":0,"1354":0,"1357":1,"1358":0,"1359":0,"1360":0,"1361":0,"1362":0,"1363":0,"1366":1,"1367":0,"1368":0,"1369":0,"1370":0,"1371":0,"1372":0,"1375":1,"1376":0,"1377":0,"1378":0,"1379":0,"1380":0,"1381":0,"1384":1,"1385":0,"1386":0,"1387":0,"1388":0,"1389":0,"1390":0,"1391":0,"1392":0,"1395":1,"1396":0,"1397":0,"1398":0,"1399":0,"1400":0,"1401":0,"1402":0,"1403":0,"1404":0,"1407":1,"1408":0,"1409":0,"1412":1,"1413":0,"1414":0,"1415":0,"1416":0,"1418":0,"1419":0,"1422":1,"1423":0,"1426":1,"1427":0,"1430":1,"1431":0,"1432":0,"1433":0,"1434":0,"1436":0,"1437":0,"1440":1,"1441":0,"1444":1,"1445":0,"1449":1,"1450":0,"1451":0,"1452":0,"1453":0,"1454":0,"1457":0,"1458":0,"1461":0,"1462":0,"1464":0,"1465":0,"1468":0,"1469":0,"1470":0,"1473":0,"1474":0,"1476":0,"1478":0,"1479":0,"1481":0,"1483":0,"1484":0,"1487":0,"1494":0,"1501":1,"1503":0,"1504":0,"1505":0,"1506":0,"1507":0,"1508":0,"1509":0,"1510":0,"1512":0,"1513":0,"1514":0,"1515":0,"1518":0,"1519":0,"1521":0,"1522":0,"1524":0,"1525":0,"1529":0,"1530":0,"1533":0,"1534":0,"1537":0,"1538":0,"1540":0,"1542":0,"1543":0,"1544":0,"1545":0,"1548":0,"1551":0,"1552":0,"1553":0,"1557":0,"1563":1,"1565":1,"1567":0,"1569":0,"1571":0,"1572":0,"1574":0,"1577":1,"1578":0,"1579":0,"1582":1,"1583":0,"1584":0,"1585":0,"1586":0,"1587":0,"1589":0,"1590":0,"1593":0,"1595":0,"1597":0,"1599":0,"1600":0,"1601":0,"1603":0,"1604":0,"1608":0,"1610":0,"1614":0,"1615":0,"1616":0,"1617":0,"1621":0,"1622":0,"1624":0,"1627":0,"1630":0,"1631":0,"1632":0,"1633":0,"1634":0,"1635":0,"1639":0,"1640":0,"1641":0,"1646":0,"1647":0,"1648":0,"1655":0,"1659":0,"1662":1,"1663":0,"1664":0,"1666":0,"1668":0,"1671":1,"1672":0,"1673":0,"1674":0,"1675":0,"1677":0,"1678":0,"1679":0,"1680":0,"1681":0,"1684":0,"1687":1,"1688":0,"1691":1,"1692":0,"1693":0,"1694":0,"1696":0,"1700":1,"1701":0,"1704":1,"1705":0}}}